0.000724157 4.95719e-05
0.000799179 0.00010388
0.000785192 0.000148512
0.000851313 0.000162725
0.000870387 0.000223671
0.000911077 0.000236619
0.000977198 0.000255943
0.000963211 0.000282253
0.000928879 0.000320778
0.000949224 0.000352173
0.00108528 0.000399745
0.00113742 0.0004372
0.00121752 0.00046851
0.00114632 0.000512955
0.00130018 0.000552679
0.00113742 0.000576067
0.00130781 0.000600238
0.00117429 0.000620285
0.00126457 0.000675622
0.00140826 0.000701904
0.00132561 0.000750657
0.00130653 0.000764613
0.0014871 0.000793053
0.00135231 0.000810759
0.00151761 0.000841741
0.00144386 0.000868305
0.00160281 0.000931465
0.00156593 0.000956583
0.00171343 0.00101141
0.00153414 0.00102828
0.0016791 0.00105073
0.00179482 0.00109529
0.00184441 0.00111077
0.00173887 0.00112156
0.00168165 0.00115178
0.00178973 0.00117485
0.00169818 0.00119706
0.00174904 0.00122099
0.00188001 0.00123706
0.00189781 0.00125117
0.00195376 0.0012798
0.0017821 0.00130953
0.00185458 0.00133313
0.00202115 0.00135554
0.00209872 0.00135864
0.00193723 0.00136977
0.00197029 0.00142019
0.00197792 0.00144076
0.00197792 0.00146025
0.0020593 0.00148381
0.00210762 0.00153384
0.00206439 0.00154974
0.00210508 0.00158985
0.00225512 0.00162734
0.00216738 0.0016399
0.00211525 0.00165693
0.00228945 0.00169016
0.00229708 0.00169901
0.00225639 0.00173266
0.00232124 0.00177605
0.00227674 0.00178455
0.00227928 0.00180519
0.0024395 0.00182324
0.0024217 0.00184407
0.00253487 0.00186487
0.00241534 0.00189621
0.00252851 0.00194985
0.00238482 0.00196176
0.00251579 0.00198166
0.00252851 0.00200904
0.00247256 0.00202275
0.00281843 0.00205632
0.00265567 0.00206652
0.00271416 0.00209078
0.00253232 0.00211604
0.00286802 0.00213615
0.00265694 0.0021526
0.00283114 0.00217049
0.00291252 0.00217499
0.00269 0.0021948
0.00271034 0.00219995
0.00266965 0.00220582
0.0026811 0.00222988
0.00299009 0.00226913
0.00271543 0.00230941
0.00291634 0.00233793
0.00297737 0.00236346
0.00300153 0.00240483
0.00293541 0.0024555
0.00287056 0.00248756
0.00314267 0.00251569
0.00306384 0.00253022
0.00300662 0.00256106
0.00311343 0.0025767
0.00297864 0.00260367
0.00303332 0.00263082
0.00325966 0.00266467
0.00333341 0.00267675
0.00317574 0.00269718
0.00330035 0.00271669
0.0032533 0.00274137
0.00316302 0.00275316
0.00318464 0.00277312
0.00330671 0.00281813
0.00355212 0.00285488
0.00327873 0.00289097
0.00338173 0.00294099
0.0035127 0.00295919
0.00331306 0.00299413
0.00337029 0.00300157
0.00343895 0.00303265
0.00371106 0.00305047
0.00360171 0.00306879
0.00367928 0.00309901
0.00382551 0.00313376
0.00348091 0.00315581
0.00346947 0.00316741
0.00387383 0.00318916
0.00356483 0.00321266
0.00365384 0.00323439
0.0036246 0.00325801
0.00391579 0.00327282
0.00372251 0.00330503
0.00360552 0.00331276
0.00370344 0.00333632
0.00380643 0.00334826
0.00383313 0.00338093
0.00390307 0.00345174
0.00390561 0.00348277
0.00398064 0.00351813
0.00431379 0.00356194
0.00393867 0.00358645
0.0043265 0.00359249
0.00424512 0.00362548
0.00409126 0.00365562
0.00396411 0.00367295
0.00410398 0.00367834
0.00434049 0.00371737
0.00451597 0.00376042
0.0041968 0.00377541
0.00419935 0.00378039
0.00404803 0.00378675
0.00444984 0.00380133
0.00414467 0.00381352
0.00434939 0.00383985
0.00440534 0.00385679
0.00437737 0.00388861
0.00429853 0.00391212
0.00431633 0.00393031
0.00437482 0.00397876
0.00470416 0.0040318
0.00443713 0.00404398
0.00437355 0.0040629
0.00453885 0.00408542
0.00455666 0.00409442
0.0045414 0.00413965
0.00437737 0.00417071
0.0049305 0.00420248
0.00450579 0.00427053
0.00460752 0.00429302
0.0048453 0.00431693
0.00463295 0.0043438
0.00471179 0.00437583
0.00477409 0.00439881
0.00478045 0.00441548
0.00480843 0.00447482
0.00486183 0.0044871
0.00514921 0.00451123
0.00485547 0.00452937
0.00517845 0.00454573
0.00485675 0.00457973
0.00489235 0.00461664
0.00539207 0.00462503
0.00496864 0.00468816
0.00490761 0.00470473
0.00499789 0.00471789
0.00526619 0.0047566
0.00515938 0.00479059
0.00557137 0.00480755
0.00535774 0.00482996
0.00520897 0.00485316
0.00524457 0.00489509
0.00520134 0.00493139
0.0051136 0.00496265
0.00571251 0.00498359
0.00533358 0.0050025
0.00551414 0.00503644
0.00569598 0.00507431
0.00543785 0.00509306
0.00544548 0.00511624
0.00580533 0.00515134
0.00538063 0.00517199
0.00558154 0.00519772
0.00556755 0.00521917
0.00553703 0.00522923
0.00544039 0.00524929
0.00595411 0.0052594
0.00592232 0.00527953
0.00592613 0.00533041
0.00547727 0.00536457
0.00568708 0.00538411
0.00576846 0.00540722
0.00563113 0.00548208
0.00582949 0.00550713
0.00586383 0.00552992
0.00617282 0.00556425
0.00577354 0.00558445
0.0057977 0.00564192
0.00593376 0.00565255
0.00599098 0.00567693
0.00588544 0.00569073
0.00602913 0.00571193
0.00581932 0.00573191
0.00593758 0.00575599
0.00591469 0.00578419
0.00610797 0.00580372
0.00605075 0.00581952
0.00614484 0.00584798
0.00632922 0.00586259
0.00599098 0.00589767
0.00663312 0.0059395
0.00614357 0.00596141
0.00610797 0.00597807
0.0066967 0.00601136
0.00632795 0.00604619
0.00636991 0.00605381
0.00649961 0.00609995
0.00638135 0.00614591
0.00643857 0.00616931
0.00660896 0.00619935
0.00696119 0.00622762
0.00652885 0.00624752
0.0068531 0.00627652
0.00635846 0.00630864
0.00667127 0.00633584
0.00684675 0.00633995
0.00653776 0.00634684
0.0068353 0.00636624
0.00683657 0.00639445
0.00671577 0.0064179
0.00688362 0.00642776
0.00672468 0.00643862
0.00672976 0.00645578
0.00662422 0.00648595
0.00676791 0.00651596
0.00697517 0.00652071
0.00722822 0.00655646
0.00725746 0.00661605
0.00677681 0.00664445
0.00667508 0.00665126
0.00726509 0.00666517
0.00703112 0.00669971
0.00698789 0.00672458
0.0068264 0.00676181
0.00729688 0.00678407
0.00701205 0.00680013
0.00713285 0.00681411
0.00713666 0.00682232
0.00685819 0.0068555
0.00723076 0.00687345
0.00712903 0.00688003
0.00718625 0.00689918
0.00748634 0.00691474
0.00730578 0.00694224
0.00764656 0.00698163
0.00722313 0.00699094
0.00728162 0.00701313
0.00775719 0.00704231
0.00750033 0.00707499
0.00746727 0.00710261
0.00734011 0.0071171
0.00748762 0.00717809
0.00742277 0.00718503
0.0072155 0.007202
0.00765165 0.00722617
0.00733121 0.00725039
0.00780296 0.00727529
0.00751813 0.00728935
0.00754102 0.00731762
0.00789579 0.00736882
0.0077432 0.00740941
0.00769997 0.00743235
0.00807635 0.00746839
0.00767326 0.00750411
0.00772158 0.00751543
0.00805092 0.0075703
0.00774956 0.0075986
0.00781441 0.00760982
0.00782077 0.00762642
0.0076491 0.00767198
0.0078462 0.00769475
0.00821114 0.00776909
0.00809542 0.00780608
0.00827599 0.00784562
0.00826073 0.00785667
0.00793012 0.00789197
0.00789833 0.00791133
0.00848834 0.00792984
0.00809924 0.00795714
0.00813103 0.00799232
0.0082531 0.0080582
0.00827853 0.00808074
0.00813103 0.00809057
0.00803312 0.00811388
0.00833829 0.00816637
0.00834592 0.00820054
0.00834338 0.00822901
0.00867144 0.00825455
0.00899315 0.00828665
0.00825691 0.00832802
0.00901477 0.00835082
0.00860786 0.00840931
0.0086689 0.00846557
0.00882785 0.00848972
0.00878588 0.00851431
0.00852013 0.00853988
0.00861677 0.00860336
0.0089105 0.00867574
0.00892576 0.00870327
0.00882149 0.00875292
0.0087808 0.00879293
0.00885709 0.00880214
0.00899951 0.00881414
0.00901985 0.00884017
0.00947889 0.00887709
0.00914574 0.00891948
0.00896645 0.0089711
0.00886854 0.00902745
0.00919533 0.00907148
0.00967598 0.00909702
0.00966708 0.00911502
0.00928179 0.00915081
0.0090669 0.00918057
0.00952975 0.00922681
0.00930977 0.00925254
0.0096391 0.00931202
0.00942675 0.00933287
0.00950559 0.00934911
0.00933647 0.00935937
0.00948652 0.00936709
0.00978533 0.00937956
0.00937335 0.00941015
0.00954119 0.00942151
0.00946109 0.0094636
0.00959079 0.00948527
0.00943184 0.00949962
0.00952848 0.00952708
0.00974464 0.00957689
0.0101859 0.00959905
0.00967598 0.00962299
0.00977262 0.00963283
0.00971413 0.00965207
0.00984891 0.00971512
0.00990359 0.00972905
0.00979424 0.00976512
0.00982094 0.0097872
0.00995191 0.00982081
0.0102647 0.00984579
0.00974592 0.00987271
0.010327 0.00990245
0.00998116 0.00992955
0.0100714 0.00995967
0.010603 0.0100092
0.0102787 0.0100503
0.010636 0.0100746
0.010163 0.0100994
0.0102889 0.0101836
0.010383 0.0102108
0.0108255 0.0102546
0.0106805 0.0102771
0.0104987 0.0103197
0.0104351 0.0103446
0.0105089 0.0104118
0.0104923 0.0104257
0.0106068 0.0104839
0.010711 0.0105655
0.0104376 0.0106127
0.010575 0.0106556
0.0107187 0.010681
0.0107238 0.0106922
0.011343 0.0107302
0.0109386 0.0107795
0.0106475 0.0107993
0.0105712 0.0108448
0.011404 0.0108973
0.0109297 0.0109237
0.0109336 0.0109665
0.0111472 0.011025
0.0112616 0.0110726
0.0111256 0.0110955
0.0111586 0.0111503
0.0112832 0.0112009
0.0109501 0.011246
0.0118821 0.0112646
0.0113316 0.0112758
0.0118618 0.011311
0.0110149 0.0113241
0.0113303 0.0113508
0.0113964 0.0113669
0.0111777 0.0114106
0.0114536 0.0114361
0.0114129 0.0114797
0.0113138 0.0114901
0.0115159 0.0115087
0.0117474 0.0115302
0.0115681 0.0115498
0.0117156 0.0115923
0.0117194 0.0116408
0.0114714 0.0116866
0.0117601 0.0117126
0.0116367 0.0117387
0.0117156 0.0117648
0.0120538 0.0118004
0.0124365 0.0118481
0.0117245 0.0119027
0.0119063 0.0119425
0.0119737 0.0119647
0.0117893 0.0119829
0.0121365 0.0120242
0.0124124 0.012032
0.0121619 0.0120905
0.0119165 0.0121131
0.0122077 0.0121527
0.0118898 0.012198
0.0123259 0.0122462
0.0128117 0.0122909
0.0127608 0.0123045
0.0128905 0.0123151
0.0124404 0.0123575
0.0122623 0.0124039
0.0123742 0.0124613
0.0126692 0.0124914
0.0125713 0.0125316
0.0124709 0.012569
0.0125434 0.0125925
0.0123577 0.0126676
0.0131486 0.0127057
0.0124798 0.0127694
0.0127659 0.0128334
0.0127532 0.0128795
0.0126375 0.0129226
0.0128409 0.0129518
0.013478 0.0129779
0.0130431 0.013031
0.0129846 0.0130738
0.0130075 0.0130994
0.0134589 0.0131575
0.0133088 0.0132289
0.0137323 0.0132432
0.0132109 0.0132955
0.0131982 0.0133381
0.0132643 0.0133809
0.013759 0.0134678
0.0140107 0.0134834
0.0134411 0.0135284
0.0140209 0.0135739
0.0136941 0.0135997
0.0141392 0.0136489
0.0142256 0.0136851
0.0136674 0.0137468
0.0136712 0.013764
0.0136611 0.0137673
0.0133724 0.0137814
0.0138976 0.013866
0.0142689 0.0139055
0.0135441 0.0139495
0.0139688 0.0140543
0.0138976 0.0140651
0.0139675 0.0141084
0.0146961 0.0141456
0.0138086 0.0141627
0.014541 0.0142114
0.0140235 0.0142299
0.014068 0.0142948
0.0141659 0.0143133
0.0145753 0.0143517
0.013965 0.0144034
0.0143236 0.0144728
0.0143782 0.0144967
0.0140781 0.0145616
0.0143185 0.0145827
0.0144672 0.0146477
0.0146592 0.014734
0.0145817 0.0147618
0.0147266 0.0147793
0.0150878 0.014843
0.0153713 0.0148751
0.0145601 0.0149066
0.0146402 0.0149355
0.0150038 0.0149744
0.0145372 0.0150065
0.0152073 0.0150588
0.014864 0.0150762
0.0152645 0.0150857
0.0154934 0.015139
0.0156218 0.0151833
0.0152938 0.0152646
0.0151628 0.0153319
0.0149326 0.0154183
0.0156765 0.0154388
0.0151806 0.0154488
0.0153383 0.0155138
0.015309 0.0155532
0.01559 0.0155975
0.015351 0.0156309
0.0152912 0.0156646
0.0161088 0.0156809
0.0154959 0.0157442
0.0159715 0.0157651
0.0154858 0.015823
0.0156879 0.0158681
0.015866 0.0159019
0.0155544 0.0159369
0.0160414 0.0159783
0.0161533 0.0159949
0.0159613 0.0160268
0.016072 0.0160718
0.0163746 0.0160968
0.0162856 0.0161786
0.0157172 0.01623
0.0161737 0.01626
0.0160732 0.016279
0.0166378 0.0163019
0.016325 0.01635
0.0160745 0.0163815
0.016503 0.0164005
0.0160974 0.0164081
0.0158838 0.0164419
0.0162716 0.0164568
0.0163288 0.0165158
0.0162271 0.0166366
0.0168184 0.0166868
0.0171642 0.0167287
0.0168324 0.0167939
0.0165068 0.0168361
0.0166035 0.0168905
0.0168463 0.0169585
0.0164102 0.0169817
0.0166785 0.0170323
0.0167624 0.0170565
0.0165526 0.0171404
0.0166175 0.0171819
0.0170129 0.0172553
0.0170549 0.017294
0.0168591 0.0173381
0.0170714 0.0173922
0.0177174 0.0174621
0.0169493 0.0174889
0.0179259 0.0175304
0.0178585 0.0175664
0.017065 0.0175859
0.0171477 0.0176286
0.0174961 0.0176574
0.0180467 0.0177511
0.0178827 0.0178576
0.0173855 0.0179279
0.0177148 0.0179894
0.0184015 0.018014
0.0181751 0.0180692
0.0176538 0.0181188
0.0180047 0.0181409
0.0183353 0.0181809
0.0182336 0.0182269
0.018034 0.0183148
0.0186189 0.0183515
0.0178178 0.0183865
0.0184269 0.0184025
0.0179539 0.0184478
0.0182107 0.018477
0.0189266 0.0185586
0.0183976 0.0186205
0.01839 0.0186471
0.0184867 0.0187202
0.018376 0.0187584
0.0187867 0.0187853
0.0185312 0.0188539
0.0186659 0.0189055
0.0187372 0.0189359
0.0189813 0.0190326
0.0190563 0.0190559
0.0188707 0.0191169
0.0191453 0.0192115
0.0190639 0.0192902
0.0189164 0.0193447
0.0190372 0.0194349
0.0195332 0.0194629
0.0192382 0.0195412
0.019495 0.0195561
0.0191822 0.0195849
0.0195967 0.0196205
0.0194492 0.019646
0.0190131 0.0197322
0.019715 0.0198091
0.0199146 0.0198595
0.0198714 0.0199043
0.0193424 0.0199372
0.0197112 0.0199925
0.0197074 0.0200993
0.0200291 0.0201713
0.0202605 0.0202236
0.0198968 0.0202997
0.0198625 0.0203445
0.0196743 0.0204182
0.0208162 0.0204592
0.0203889 0.0204793
0.0198549 0.0205408
0.0209446 0.0206208
0.0204792 0.0206628
0.0207043 0.0207434
0.0207297 0.0208414
0.0205453 0.0208731
0.0209789 0.0208997
0.020497 0.0209229
0.021129 0.020952
0.0210705 0.0209971
0.0206941 0.0210825
0.0214685 0.021162
0.0210133 0.021223
0.0207157 0.0212868
0.0210107 0.0213066
0.0215677 0.0213483
0.0213858 0.0214232
0.0212231 0.0214563
0.0210641 0.0215135
0.021162 0.0215669
0.0221068 0.0217866
0.0216618 0.0218808
0.022239 0.0219532
0.0215537 0.0219835
0.0223268 0.0220093
0.0223548 0.0220569
0.0221971 0.0221187
0.0217546 0.0221656
0.021424 0.0222326
0.0220966 0.0223042
0.0222594 0.02237
0.0219682 0.0224331
0.0222912 0.0225319
0.0219568 0.0226205
0.0225786 0.0226538
0.0224005 0.022676
0.0230147 0.0227857
0.0228659 0.0228098
0.0231317 0.0228688
0.0223751 0.0229269
0.0232741 0.0230091
0.0230567 0.0231028
0.0234178 0.0231592
0.0230859 0.0231739
0.0224654 0.0232368
0.0231508 0.0233732
0.0231063 0.0234617
0.0238196 0.0235497
0.0228647 0.023585
0.0238692 0.0236987
0.0229346 0.0237775
0.0240701 0.0238433
0.0235742 0.023904
0.0235806 0.0239737
0.0235322 0.0240728
0.0235704 0.0241184
0.0236746 0.0242331
0.0238476 0.0242668
0.0243371 0.0243035
0.0238234 0.0244203
0.024168 0.0244459
0.0246703 0.0244959
0.0247478 0.0245715
0.0245584 0.0246543
0.0243715 0.0247184
0.0249284 0.0248048
0.0240014 0.0248763
0.0245177 0.0249064
0.0245393 0.0250414
0.0251802 0.0251365
0.0246983 0.0251917
0.0247682 0.0252559
0.0244414 0.025311
0.024477 0.0253504
0.024903 0.0254019
0.0254612 0.0254366
0.0252946 0.0255366
0.025156 0.0255863
0.0255019 0.0256095
0.0258706 0.0256447
0.0259266 0.0257716
0.0249437 0.0258186
0.0257448 0.0258925
0.025727 0.0260138
0.0259622 0.0261181
0.0252679 0.0261647
0.0253442 0.0262726
0.025905 0.0264189
0.0267124 0.0265118
0.0264072 0.0266181
0.0268854 0.0267764
0.0264708 0.0268109
0.0264378 0.0268908
0.0271257 0.0269225
0.0271575 0.0270886
0.0261745 0.0271463
0.0265357 0.027208
0.0271117 0.0272588
0.0273685 0.0272985
0.0268078 0.0273603
0.0265026 0.0274255
0.0264441 0.0274569
0.0274092 0.027537
0.0276839 0.0277191
0.0272694 0.0278185
0.0276 0.0278625
0.0269032 0.0279178
0.0280488 0.02796
0.0276368 0.0281735
0.0276368 0.0282151
0.0283388 0.0282795
0.0284748 0.0284046
0.0286236 0.0285563
0.0280565 0.0288773
0.0285727 0.0290009
0.0285435 0.0290633
0.029211 0.0292249
0.028691 0.0292713
0.0288003 0.0293488
0.0292174 0.0294024
0.0293852 0.0296522
0.0297705 0.0297196
0.0294679 0.0298096
0.0292606 0.0299296
0.029815 0.0301136
0.0303694 0.0303138
0.0298379 0.0304901
0.0302766 0.030568
0.030695 0.0306873
0.03055 0.0308191
0.0309188 0.0309191
0.0308158 0.0310084
0.0304686 0.0311017
0.0311375 0.0311546
0.0301876 0.0311917
0.030358 0.0314126
0.0314617 0.031484
0.0315011 0.0316572
0.0308018 0.0318156
0.0313778 0.0318631
0.0317822 0.0321102
0.0311998 0.032198
0.0323594 0.0322799
0.0327244 0.0326249
0.0317059 0.0327141
0.0325362 0.0327905
0.0318979 0.0329693
0.0327587 0.0330371
0.0327295 0.0330959
0.0332012 0.0331669
0.03269 0.0332831
0.0328286 0.0336264
0.033603 0.0337055
0.0337048 0.0338562
0.0331847 0.0339986
0.0340379 0.0340262
0.0337213 0.0341385
0.0335013 0.03417
0.0338154 0.0342672
0.0342681 0.0343828
0.0335623 0.034511
0.0345109 0.0346404
0.033898 0.0347468
0.0343024 0.0348144
0.0347029 0.0349471
0.0350361 0.035062
0.0343418 0.0351957
0.0347487 0.0352631
0.0352306 0.0353473
0.0355295 0.035401
0.0353222 0.0355123
0.0357151 0.0357256
0.03571 0.0358274
0.0353591 0.0360057
0.0354328 0.0361503
0.035635 0.0363635
0.0361958 0.0363941
0.0358499 0.0364061
0.0358054 0.0365359
0.0367947 0.0366904
0.0365696 0.0367746
0.0363789 0.036911
0.0366141 0.0370203
0.0368328 0.0371893
0.0366205 0.0373111
0.0373745 0.0374353
0.0367819 0.0375301
0.0377661 0.0376663
0.0377941 0.0378584
0.0371278 0.0379548
0.0370579 0.0381646
0.0371126 0.0382632
0.0379683 0.0385422
0.0381451 0.0386707
0.0380878 0.0389618
0.0389233 0.0390206
0.0384197 0.0391006
0.0382748 0.0391222
0.0389309 0.0393245
0.0392284 0.0394019
0.0389652 0.039638
0.0390911 0.0397561
0.0389423 0.0398611
0.0400003 0.0401309
0.0397892 0.0402167
0.0397409 0.0402915
0.03969 0.0403799
0.0394739 0.0405258
0.0402559 0.0406191
0.0399481 0.0407349
0.0407581 0.0407791
0.0409946 0.040942
0.0405204 0.0410367
0.0407658 0.0412183
0.0410341 0.0414826
0.0414054 0.0415928
0.0416431 0.0417237
0.0408599 0.0419909
0.0413176 0.0422156
0.0426896 0.0424875
0.0425434 0.0426994
0.0417487 0.0428424
0.0423031 0.0430129
0.0424658 0.0430895
0.0429986 0.0433403
0.0424633 0.0435651
0.0430291 0.04372
0.043431 0.0438656
0.0443312 0.0440973
0.0446987 0.0444422
0.0442295 0.0446604
0.0441252 0.0447401
0.0444991 0.0448064
0.0441024 0.045075
0.0450865 0.045226
0.0449874 0.045393
0.0442066 0.0454715
0.0443389 0.0455502
0.0451285 0.0458646
0.0455074 0.046029
0.0450179 0.0462579
0.0456715 0.0463603
0.0461992 0.0464616
0.0462055 0.0466239
0.0456613 0.0467647
0.0459296 0.0469883
0.0462589 0.0473533
0.046929 0.0477005
0.047163 0.047768
0.0472927 0.0478425
0.047341 0.0479254
0.0475 0.0481115
0.0485363 0.048473
0.0485465 0.0485784
0.0480467 0.0486927
0.0488453 0.0489776
0.0486622 0.0490726
0.0491772 0.0491632
0.0491823 0.0492248
0.0495739 0.0493361
0.048329 0.049413
0.049715 0.049557
0.0491886 0.0498896
0.0495764 0.0501172
0.0491937 0.0503611
0.0508709 0.05056
0.0503826 0.0507198
0.0502669 0.0509228
0.0501817 0.0514654
0.0508429 0.0517798
0.051129 0.0518885
0.0518284 0.0519708
0.051363 0.0525194
0.0521069 0.0525839
0.0526028 0.0530499
0.0522772 0.0532983
0.0532309 0.053563
0.0532233 0.0538453
0.0534026 0.0540161
0.0545152 0.0547637
0.055287 0.0552614
0.0542126 0.0555466
0.0556711 0.056059
0.0561123 0.0563781
0.0565268 0.0568055
0.056111 0.0570255
0.0557906 0.0572208
0.0572338 0.0574252
0.0580641 0.0581631
0.0581621 0.0584035
0.0581264 0.0588307
0.0593586 0.0592998
0.0591755 0.0596176
0.0595824 0.0599495
0.0606937 0.0606348
0.0606441 0.0612284
0.0610714 0.0616081
0.060456 0.0619267
0.0608184 0.0623056
0.0618407 0.0627252
0.063481 0.06308
0.0627931 0.0631526
0.0641384 0.0636332
0.0635052 0.0640207
0.0637417 0.0641738
0.0635433 0.0644815
0.0659835 0.0652044
0.065424 0.0657198
0.0668558 0.0666761
0.0671457 0.0667718
0.0673834 0.0678384
0.0685342 0.0684453
0.0694815 0.0686773
0.0697778 0.0690371
0.0699927 0.070393
0.0714855 0.0711723
0.0711753 0.0717254
0.0727049 0.0723659
0.0731373 0.0738067
0.0746797 0.0742272
0.0751171 0.0743764
0.0754159 0.0749608
0.0764001 0.0753977
0.0760123 0.0758659
0.0766824 0.0765415
0.0773296 0.07757
0.0783151 0.0788772
0.0798422 0.07951
0.0815016 0.0808612
0.0829678 0.0816356
0.0818259 0.0817619
0.0829233 0.0820463
0.0837663 0.0829274
0.0833607 0.0834661
0.084144 0.0837957
0.0849794 0.0841349
0.0847111 0.0857736
0.0858784 0.0862876
0.0879116 0.0873332
0.086682 0.087671
0.0891755 0.0889664
0.0891081 0.0897198
0.0911172 0.0901814
0.0905666 0.0911434
0.0932395 0.0925135
0.0933768 0.0928247
0.0944424 0.0937099
0.0950947 0.0943433
0.0971317 0.0954083
0.0963001 0.0962737
0.0973237 0.0968384
0.0985216 0.0978871
0.100657 0.0991337
0.0983054 0.101042
0.098271 0.102649
0.104483 0.103825
0.105407 0.104627
0.106459 0.105317
0.108825 0.107503
0.107763 0.108675
0.11162 0.109332
0.110341 0.109743
0.110074 0.111526
0.114528 0.1129
0.115998 0.114278
0.10779 0.115605
0.119435 0.117548
0.119987 0.120904
0.116936 0.122483
0.125362 0.123723
0.128275 0.127236
0.131347 0.128996
0.13372 0.132242
0.131355 0.133912
0.136838 0.134508
0.139917 0.137178
0.142595 0.141309
0.137504 0.141881
0.153016 0.154489
0.163476 0.162728
0.17186 0.171888
0.179914 0.178992
0.190746 0.190604
0.199011 0.1961
0.181974 0.20489
0.202368 0.213009
0.213582 0.216029
0.00074323 8.28421e-05
0.00078392 0.000109618
0.0008564 0.000153914
0.000818253 0.000165608
0.000944138 0.00022572
0.000903447 0.000242281
0.000982285 0.000262048
0.00101407 0.00029681
0.00103696 0.000323792
0.00100263 0.000364853
0.00107384 0.000400355
0.00102806 0.000437245
0.00116666 0.000470263
0.00109037 0.000514743
0.00113996 0.000554172
0.00130272 0.000583127
0.00118319 0.000603515
0.0012277 0.000634707
0.00142097 0.000679757
0.00132688 0.000707715
0.00142988 0.000760587
0.00136121 0.000780628
0.00153542 0.000795827
0.00156212 0.000811054
0.00146548 0.000848186
0.00153923 0.000873738
0.00169563 0.000934734
0.00164858 0.000979457
0.00171725 0.00101298
0.00176175 0.00104133
0.00165367 0.00105515
0.00177701 0.00109674
0.00168165 0.00111295
0.00177956 0.00113461
0.00165876 0.00115339
0.00171979 0.00118675
0.00187747 0.00119797
0.00193723 0.00122485
0.00178719 0.0012413
0.00202878 0.00125342
0.00183678 0.00128124
0.00184313 0.00131337
0.00186475 0.00133355
0.00209618 0.00135662
0.00206947 0.00136354
0.00202497 0.00137732
0.00199827 0.00143635
0.0020771 0.00144336
0.00194232 0.0014744
0.00194867 0.00148815
0.00213051 0.00153835
0.00210126 0.00156098
0.00204913 0.00160005
0.00233523 0.00162751
0.00210635 0.00164528
0.00220044 0.0016591
0.00219536 0.00169067
0.00214704 0.0017026
0.00225004 0.00174798
0.00241407 0.00177706
0.00247129 0.00179387
0.00248146 0.00181042
0.00247256 0.00183418
0.00242678 0.00184465
0.00262642 0.00187646
0.00248019 0.00190102
0.00240008 0.00195595
0.0027078 0.00196374
0.00242933 0.00198877
0.00241152 0.00201002
0.00272052 0.00203494
0.0026137 0.00206061
0.00266329 0.00206696
0.00268364 0.00209466
0.00252851 0.00211627
0.00272433 0.0021394
0.00273959 0.00215585
0.00286674 0.00217094
0.00275485 0.00218219
0.00266838 0.00219532
0.00292015 0.00220129
0.00290362 0.00220822
0.00299136 0.00224437
0.00274722 0.00227965
0.00273577 0.0023258
0.00309054 0.00234086
0.00287819 0.00236547
0.00293795 0.0024458
0.00293795 0.0024626
0.00303332 0.00248927
0.00297737 0.00252159
0.00326347 0.00253386
0.00321261 0.0025657
0.00305621 0.00258234
0.00304858 0.00261505
0.00310326 0.00264321
0.00318972 0.00266584
0.00323168 0.00267829
0.00325457 0.00270303
0.00327746 0.00271798
0.00314395 0.00274437
0.00314013 0.00275459
0.00327873 0.00277395
0.00349236 0.00282799
0.00343641 0.00286115
0.00333977 0.00291584
0.00331942 0.00294305
0.00330671 0.00296626
0.00368309 0.00299537
0.00370344 0.00301004
0.00347328 0.0030337
0.00349108 0.0030544
0.00364621 0.00309194
0.0036602 0.00310255
0.00356356 0.0031451
0.00366656 0.00315991
0.00360171 0.00317046
0.0037276 0.00319838
0.00373141 0.00322411
0.00352923 0.00323596
0.00387255 0.00326265
0.00391197 0.00328332
0.00378609 0.00330558
0.00381788 0.00331529
0.00393486 0.00334163
0.0039018 0.00335945
0.00369708 0.00339428
0.0037632 0.00345781
0.00384204 0.00348627
0.00396538 0.00353145
0.00397046 0.00356788
0.00393995 0.00358762
0.0041256 0.00360182
0.0040582 0.00363496
0.00415993 0.00366076
0.0042731 0.00367355
0.00399844 0.00368312
0.00449816 0.0037188
0.00444094 0.00376066
0.00411034 0.00377725
0.00440407 0.00378368
0.00437482 0.00379123
0.00425275 0.00380139
0.00432014 0.00381528
0.00424512 0.00384354
0.00457064 0.00385692
0.00433922 0.00388916
0.00440915 0.00391574
0.00437737 0.00393344
0.00473722 0.0039789
0.00457827 0.00403246
0.00432905 0.0040447
0.00448799 0.00407549
0.00459226 0.00408659
0.00449308 0.00410779
0.00491651 0.00414302
0.00483894 0.00417938
0.00466728 0.00422424
0.00476646 0.00427134
0.00481097 0.00431057
0.00454394 0.00432401
0.00498772 0.0043526
0.00479444 0.00438477
0.00477282 0.00440341
0.00508181 0.00441902
0.00515048 0.00447724
0.0049305 0.00449345
0.00491524 0.00451146
0.00510089 0.0045322
0.00489108 0.00454965
0.0053285 0.00458438
0.00538317 0.00461882
0.00500679 0.00463545
0.00485293 0.00469053
0.00497246 0.00470805
0.00516192 0.00472573
0.00503731 0.00475847
0.00500043 0.00479384
0.00503985 0.00481582
0.00501951 0.00483276
0.00553703 0.00485359
0.00532087 0.00489776
0.00538572 0.00493277
0.00524076 0.00496308
0.00533613 0.00498942
0.00532977 0.00501461
0.00529162 0.00506103
0.005476 0.00507458
0.00540098 0.00509891
0.00548236 0.00512756
0.0054938 0.00515327
0.0055294 0.00517315
0.00546837 0.0051996
0.00554975 0.00522258
0.00557391 0.00523238
0.00588417 0.00525283
0.00555865 0.00526357
0.00580025 0.00528716
0.0056057 0.00533404
0.00610797 0.00537337
0.00562477 0.0053857
0.00573031 0.00542431
0.0057443 0.00548577
0.00622114 0.00551369
0.00600497 0.00554821
0.00607745 0.00557228
0.00629234 0.00559147
0.0063928 0.00564643
0.00597572 0.00565946
0.00580025 0.00567867
0.00634829 0.00570416
0.00623258 0.00572448
0.00632159 0.00573389
0.00604057 0.00576134
0.00625292 0.00578843
0.00634829 0.00580635
0.00613594 0.00582562
0.0061334 0.0058489
0.00614357 0.00586619
0.0060571 0.00590783
0.0061957 0.00594455
0.00639915 0.0059683
0.00609398 0.00598599
0.00674756 0.00601965
0.00677681 0.00604664
0.00642586 0.00606391
0.00654284 0.00612131
0.00623004 0.00615915
0.00658226 0.0061698
0.00678825 0.00620353
0.00658353 0.00622795
0.00657463 0.00626196
0.00684929 0.00629706
0.00659625 0.00631777
0.00657209 0.00633643
0.00661914 0.006342
0.00656573 0.00635946
0.00696373 0.00637004
0.00654666 0.00640406
0.0071125 0.00641895
0.00652885 0.00643007
0.00693321 0.00644296
0.00673485 0.0064571
0.00707563 0.00649072
0.00669416 0.00651753
0.0067819 0.00652123
0.00683784 0.00656188
0.0071214 0.00662293
0.00683784 0.00664707
0.00699679 0.00665742
0.00694847 0.00668021
0.00692304 0.0067032
0.00687726 0.00672723
0.00692304 0.0067657
0.00703875 0.00679471
0.00709724 0.00680464
0.00751305 0.00681559
0.00695864 0.00683615
0.00711759 0.00686696
0.00713285 0.00687611
0.00739098 0.00688298
0.00763512 0.00690577
0.00707054 0.00692244
0.007171 0.00694677
0.0072333 0.00698287
0.00748634 0.0069934
0.00769615 0.00702267
0.00755119 0.00704273
0.0070591 0.0070816
0.00729561 0.00710754
0.00744565 0.00714248
0.00735537 0.00717892
0.00743421 0.00718983
0.00760714 0.00721271
0.0073452 0.00723416
0.00790596 0.00725447
0.0075105 0.00727955
0.00768471 0.00729461
0.00754484 0.0073291
0.00738589 0.00737057
0.00768852 0.00741422
0.00777753 0.00743924
0.0080204 0.0074825
0.00772158 0.00750677
0.00813103 0.00751997
0.00778008 0.00757095
0.00781059 0.00759866
0.007658 0.00761816
0.0080204 0.00762654
0.00804456 0.00767787
0.00797971 0.00771286
0.00780932 0.00777767
0.00796064 0.00780694
0.00810941 0.00784625
0.0081234 0.00786758
0.00784365 0.00790382
0.00808779 0.00791203
0.00786018 0.00793213
0.00822004 0.00797745
0.0084006 0.00799481
0.00845909 0.00806951
0.00824292 0.00808281
0.00827726 0.00810264
0.00881894 0.008124
0.00844383 0.00816642
0.00844256 0.00820591
0.00869942 0.00823635
0.00880114 0.00825678
0.00887871 0.00830478
0.0087134 0.00833998
0.00859896 0.00835816
0.00848452 0.00843383
0.00869433 0.00846743
0.00865746 0.00849407
0.00919533 0.00851599
0.00873502 0.00856674
0.00874392 0.00863949
0.00926526 0.0086763
0.00916227 0.00871953
0.00868416 0.00876674
0.00900586 0.0087934
0.00932757 0.00880353
0.00917625 0.00882556
0.00900205 0.00884815
0.00903765 0.00889539
0.00957425 0.00892344
0.00936953 0.0089811
0.00903893 0.0090523
0.00936572 0.00907745
0.00900714 0.0090985
0.0091025 0.00912178
0.00927544 0.00915851
0.00977262 0.00919716
0.00931231 0.00924459
0.00989087 0.0092761
0.00938988 0.00931213
0.00944328 0.0093352
0.00924619 0.00934968
0.00991376 0.00935953
0.00924619 0.00936785
0.00957044 0.00938108
0.00979551 0.00941317
0.0100587 0.00942502
0.00941149 0.00946942
0.00993156 0.00948814
0.00943184 0.00950161
0.00973701 0.00953963
0.0101693 0.00958347
0.00970014 0.00960368
0.00971158 0.00962714
0.00962003 0.00963968
0.00979805 0.00967027
0.00984128 0.00972524
0.0100079 0.00974456
0.00994555 0.00976561
0.00964038 0.00978801
0.0103156 0.00982736
0.00966708 0.00984898
0.0104898 0.00987277
0.0102088 0.00991807
0.0103194 0.00993008
0.00980568 0.00997313
0.0100981 0.0100392
0.0106436 0.0100587
0.0101337 0.0100856
0.00987562 0.0101006
0.0107187 0.0101887
0.0102507 0.0102232
0.0104326 0.0102565
0.0104936 0.0102935
0.0103881 0.0103226
0.0102698 0.0103465
0.0107059 0.0104124
0.0106208 0.0104279
0.0106907 0.0105373
0.0106182 0.0105666
0.0106602 0.0106131
0.0108585 0.0106593
0.0110747 0.0106816
0.0107466 0.0107064
0.0107835 0.0107358
0.0105305 0.0107812
0.0110811 0.0108041
0.0108878 0.0108448
0.0110353 0.0109055
0.0109374 0.0109296
0.0109806 0.0109872
0.0112642 0.0110315
0.0109297 0.0110808
0.0114447 0.0111074
0.0109323 0.0111756
0.0112629 0.0112048
0.0112782 0.0112466
0.0116952 0.0112688
0.0112667 0.0112764
0.0117728 0.0113167
0.0116011 0.0113362
0.01161 0.0113547
0.0114803 0.0113819
0.0115007 0.0114108
0.0117601 0.0114402
0.0116088 0.0114809
0.0119864 0.0114917
0.011507 0.0115104
0.0116889 0.011533
0.0117054 0.0115532
0.0117067 0.0115933
0.0118796 0.0116412
0.0117003 0.011688
0.0114396 0.011717
0.0118313 0.0117406
0.0118542 0.0117709
0.0114727 0.0118048
0.0119076 0.0118515
0.0118758 0.0119192
0.0124722 0.0119454
0.0122089 0.0119729
0.0119813 0.0119896
0.0119152 0.0120274
0.0119012 0.0120626
0.0118516 0.0120911
0.0117753 0.0121227
0.0123094 0.0121644
0.0123081 0.0121987
0.0121148 0.0122513
0.0119394 0.0122949
0.012289 0.012305
0.012387 0.0123254
0.012097 0.0123673
0.0122979 0.0124068
0.0129032 0.0124613
0.012701 0.0124959
0.0125205 0.0125431
0.0125001 0.012574
0.0129147 0.0126214
0.0122852 0.0126704
0.0127494 0.0127073
0.0124086 0.0127712
0.0130329 0.012836
0.0129757 0.0128865
0.0127811 0.0129289
0.0128829 0.0129586
0.0131003 0.0130024
0.0127125 0.0130526
0.0132173 0.0130821
0.0132643 0.0131464
0.0136484 0.013174
0.0132593 0.0132339
0.0133139 0.0132494
0.0135619 0.0132976
0.0133101 0.0133447
0.01301 0.0133838
0.0137755 0.0134695
0.0139027 0.0134878
0.0135619 0.0135384
0.013478 0.013581
0.0135072 0.0136009
0.0134678 0.0136573
0.0134513 0.0137203
0.0137234 0.0137526
0.0141404 0.0137645
0.0140578 0.0137677
0.0136598 0.0137833
0.01367 0.0138805
0.0141137 0.0139078
0.0137641 0.014008
0.0138721 0.0140586
0.0141328 0.0140984
0.0141532 0.0141173
0.0140311 0.0141548
0.0147241 0.0141968
0.0138035 0.0142137
0.014068 0.0142416
0.0138887 0.014295
0.0147648 0.0143143
0.0143515 0.0143631
0.0142549 0.0144161
0.0143007 0.0144834
0.0144939 0.0145161
0.0144265 0.01457
0.0149975 0.0146077
0.01448 0.0146509
0.0143363 0.0147353
0.014658 0.0147706
0.0149975 0.0147916
0.0153446 0.0148499
0.0149085 0.01488
0.0154235 0.0149214
0.015178 0.01495
0.0149186 0.014979
0.0153713 0.0150069
0.0149886 0.0150624
0.015262 0.0150769
0.0151869 0.015132
0.0156294 0.0151603
0.0150089 0.0151873
0.0149403 0.0152739
0.0156269 0.0153512
0.0151081 0.0154186
0.0155544 0.0154395
0.0157248 0.0154541
0.0155671 0.0155332
0.0151145 0.0155651
0.0160821 0.0156097
0.0157083 0.0156501
0.0154603 0.0156676
0.0154171 0.0157017
0.0161546 0.0157506
0.0157134 0.0158012
0.0158609 0.0158313
0.0163288 0.0158772
0.0155913 0.0159041
0.015384 0.0159378
0.0158647 0.0159813
0.0162525 0.0160098
0.0159931 0.0160393
0.0156663 0.0160729
0.0163021 0.0161545
0.0160007 0.0161819
0.0157871 0.0162316
0.0158825 0.0162676
0.016269 0.0162903
0.0165755 0.0163114
0.0162881 0.0163611
0.0162779 0.0163934
0.0161813 0.0164018
0.0162042 0.0164161
0.0168438 0.016443
0.0166149 0.0164622
0.016559 0.0165372
0.0162169 0.0166442
0.0162932 0.0166985
0.0171274 0.016749
0.0168235 0.0168
0.0167891 0.0168446
0.0166988 0.0168939
0.016915 0.0169633
0.0167586 0.0169867
0.0166607 0.0170427
0.0174135 0.0170577
0.0171274 0.0171483
0.0169328 0.0171824
0.0171146 0.0172654
0.0173194 0.0173042
0.0170778 0.0173536
0.0173715 0.0174157
0.0169506 0.0174686
0.017168 0.017489
0.0173855 0.017533
0.0169989 0.0175716
0.0180187 0.0175966
0.0172761 0.0176323
0.0180454 0.0177278
0.0171973 0.0177723
0.0175775 0.0178608
0.0173779 0.0179323
0.0177746 0.0179949
0.0182247 0.0180562
0.0177975 0.018072
0.0178979 0.0181217
0.0185604 0.0181422
0.0177034 0.018187
0.0176169 0.0182362
0.0187117 0.0183155
0.0185909 0.0183573
0.018095 0.0183913
0.0180836 0.0184061
0.0187283 0.0184486
0.0187702 0.018507
0.0181154 0.0185623
0.0182845 0.0186208
0.0183887 0.018663
0.0191034 0.018725
0.0185019 0.0187606
0.0191771 0.0187958
0.0192445 0.0188607
0.0189393 0.0189168
0.0184498 0.0189502
0.0188936 0.0190333
0.0192928 0.0190913
0.018432 0.019144
0.0190093 0.0192157
0.0189622 0.0193075
0.0190322 0.0193463
0.0198078 0.019436
0.0190932 0.0194748
0.0195382 0.0195415
0.0194848 0.0195592
0.0190055 0.0195976
0.0200113 0.0196241
0.0192966 0.0196559
0.0194581 0.0197432
0.0196171 0.0198101
0.0199566 0.0198855
0.0201524 0.019913
0.02001 0.0199474
0.0196145 0.02001
0.0201461 0.0201209
0.0195154 0.0201836
0.0199045 0.020242
0.0200291 0.0203172
0.0206687 0.0203466
0.0202936 0.0204308
0.0204767 0.020462
0.0198129 0.0204906
0.0209064 0.0205519
0.0201766 0.0206284
0.0200952 0.0207239
0.0206114 0.0207438
0.0206331 0.0208478
0.0205911 0.0208749
0.0201956 0.020907
0.020422 0.0209279
0.0206331 0.0209608
0.0206 0.0210431
0.0206369 0.0210902
0.0214965 0.0211753
0.0212841 0.0212245
0.0210857 0.0212933
0.0212841 0.0213158
0.0213286 0.0213593
0.0213121 0.0214392
0.0217024 0.0214654
0.0217457 0.0215229
0.0216605 0.0215994
0.0219657 0.0218182
0.021574 0.0219055
0.0218817 0.0219687
0.0214621 0.0219865
0.0223331 0.0220239
0.0212866 0.0220734
0.02178 0.0221352
0.0222581 0.0221894
0.0219936 0.0222478
0.022178 0.0223117
0.022 0.0223838
0.0221856 0.0224518
0.0226638 0.0225813
0.0229181 0.0226261
0.0222352 0.0226601
0.0225798 0.0227037
0.0230885 0.0227864
0.0230338 0.022813
0.0220877 0.0228743
0.0224552 0.0229295
0.0224272 0.02301
0.0230389 0.0231282
0.0228748 0.0231609
0.0223052 0.0231813
0.0229804 0.0232823
0.0229588 0.0234055
0.022988 0.023473
0.022796 0.0235549
0.0237013 0.0235901
0.0230745 0.0237214
0.0237026 0.0238343
0.0229969 0.023855
0.0232398 0.0239095
0.0239379 0.0239841
0.0236162 0.0240834
0.024332 0.0241262
0.0238794 0.0242538
0.0245088 0.0242739
0.0246156 0.0243397
0.0236874 0.0244268
0.0238578 0.0244531
0.024196 0.0245046
0.0243308 0.0246088
0.0246843 0.0246757
0.024552 0.0247468
0.0250212 0.0248116
0.0243778 0.0248801
0.0249157 0.024983
0.0248292 0.025069
0.0253213 0.0251381
0.0248305 0.0252058
0.0253175 0.0252611
0.0251433 0.025322
0.0250581 0.0253715
0.024491 0.0254133
0.0254714 0.0254886
0.0250149 0.0255556
0.0253379 0.0255876
0.025095 0.0256197
0.0257104 0.0256533
0.0252972 0.0257993
0.0257384 0.0258232
0.0259482 0.0259439
0.0259228 0.0260295
0.0255858 0.026121
0.0260537 0.0261693
0.0256723 0.0263771
0.0261033 0.0264234
0.0258656 0.0265173
0.0266908 0.0266568
0.0263818 0.0267866
0.0268269 0.0268446
0.0267735 0.0268953
0.0264276 0.0269383
0.0272477 0.0271048
0.026673 0.0271504
0.026612 0.0272153
0.0268383 0.0272603
0.0263309 0.0273266
0.0263437 0.0273636
0.0275733 0.027431
0.0272643 0.0275069
0.0273813 0.0276613
0.0271015 0.0277243
0.0268332 0.0278299
0.0279204 0.0278711
0.0275224 0.0279459
0.0275542 0.0280767
0.0276915 0.0281897
0.0283286 0.0282199
0.0276101 0.0283033
0.0279789 0.0284603
0.0276572 0.0287072
0.028429 0.0288929
0.0290661 0.0290249
0.0284481 0.0291921
0.0285091 0.0292557
0.0292683 0.0292868
0.0287278 0.029364
0.028986 0.0294407
0.0288982 0.0296612
0.0292212 0.0297492
0.0298405 0.0298233
0.0301533 0.0299689
0.0291208 0.0301581
0.0295506 0.0303898
0.0302461 0.0305299
0.0298125 0.0306172
0.0307064 0.0306974
0.0307357 0.030824
0.0305678 0.0309412
0.0301406 0.0310449
0.0306886 0.0311072
0.0306365 0.0311569
0.0304063 0.0313049
0.030803 0.0314357
0.0315774 0.0315576
0.0311515 0.0317372
0.0315634 0.0318211
0.0310764 0.0319778
0.0312277 0.0321197
0.0315533 0.0322124
0.0322501 0.0322921
0.0317427 0.0326516
0.0323098 0.0327216
0.0321967 0.0328136
0.0326532 0.0330088
0.0324726 0.0330378
0.033055 0.0330996
0.0333144 0.0332197
0.0334085 0.0333538
0.0335623 0.0336534
0.0337505 0.0337412
0.0332177 0.0339091
0.0331923 0.0340116
0.0333449 0.0340586
0.0341867 0.0341526
0.0337404 0.0341952
0.0333284 0.0342727
0.0343291 0.034385
0.0333703 0.0345818
0.0340977 0.0346524
0.0348441 0.0347774
0.0342922 0.0348763
0.03431 0.0349795
0.0349522 0.0350762
0.0352739 0.0352051
0.0340722 0.0352666
0.03416 0.035355
0.0353565 0.035426
0.0354913 0.0355455
0.0359262 0.0357412
0.0348822 0.0358333
0.0358346 0.0360293
0.0350933 0.0361585
0.0356655 0.0363785
0.0360572 0.0363972
0.0364145 0.0364138
0.0362593 0.0365446
0.0367832 0.0367155
0.036843 0.0367952
0.0369015 0.0369337
0.0364882 0.0370904
0.0361131 0.0372237
0.0373147 0.0373276
0.0368799 0.0374447
0.0373809 0.0375784
0.0369256 0.0376832
0.0371482 0.0378662
0.037569 0.0379951
0.0379124 0.038168
0.0373605 0.0382943
0.0379976 0.0385934
0.0379543 0.0387651
0.0388533 0.0389781
0.0379187 0.0390322
0.0389398 0.0391039
0.0384986 0.0391334
0.0389818 0.0393395
0.0394624 0.0394294
0.0386651 0.0396422
0.0386982 0.0397848
0.0391585 0.0400141
0.0390263 0.0401325
0.0396188 0.0402477
0.0396137 0.0402959
0.0393492 0.040389
0.0402381 0.0405696
0.0406233 0.0406213
0.0396455 0.0407382
0.0404784 0.0408549
0.0404441 0.0409514
0.0410315 0.0410587
0.0407747 0.0412612
0.0408916 0.0414938
0.040767 0.0416607
0.0404466 0.0417457
0.0413736 0.0420183
0.0417512 0.0422577
0.0422344 0.0425823
0.0420831 0.042747
0.0423883 0.0429801
0.0423501 0.0430466
0.0428499 0.043165
0.0425574 0.0433441
0.043445 0.0436414
0.0432555 0.0437397
0.0437374 0.0438899
0.0440693 0.0442142
0.043464 0.0444597
0.0435886 0.0446643
0.0434907 0.044759
0.0446046 0.044894
0.0446097 0.0450763
0.0446822 0.0453161
0.0453065 0.0453996
0.0444762 0.0455022
0.0454591 0.0456128
0.046133 0.0459206
0.0461585 0.0460395
0.0454985 0.0462622
0.0457122 0.0463769
0.0462882 0.0464633
0.0461013 0.0466806
0.046531 0.0467722
0.0466544 0.0469897
0.0475089 0.0475286
0.0476653 0.0477103
0.0469952 0.0477735
0.0467841 0.047844
0.0475432 0.047989
0.0477873 0.0481487
0.0483443 0.0485103
0.0478497 0.0485898
0.0486495 0.0488265
0.0480429 0.0489862
0.0490373 0.0490858
0.0493781 0.0491929
0.0488682 0.0492261
0.0488618 0.0493545
0.0488377 0.0494463
0.0494175 0.0497186
0.0496833 0.0499315
0.0500762 0.0501195
0.0498803 0.0503739
0.0492458 0.0505607
0.0507463 0.0508094
0.0502491 0.0510463
0.0504119 0.0514833
0.0517686 0.0518032
0.0514571 0.0518889
0.0518525 0.0521184
0.0525036 0.0525473
0.0522633 0.0526793
0.0525824 0.0531044
0.0529753 0.0534209
0.053484 0.0535868
0.0528177 0.053952
0.0535984 0.0543928
0.0539824 0.0548942
0.0548153 0.0553488
0.0549221 0.0556024
0.0559584 0.0562804
0.0564035 0.0563866
0.0574996 0.0569495
0.0568638 0.0570583
0.0559953 0.0572733
0.0580374 0.0579406
0.0581837 0.0581673
0.0569592 0.0586235
0.0579713 0.0589163
0.0592848 0.0593667
0.0589492 0.0596341
0.0601203 0.0603435
0.0611286 0.0609385
0.0611464 0.0614678
0.0611897 0.0617537
0.0616055 0.062195
0.0618954 0.0624635
0.0634022 0.0628461
0.0620098 0.063103
0.0630093 0.0632195
0.0634734 0.0636589
0.0637798 0.064037
0.0630576 0.0643085
0.0644754 0.0645334
0.0647844 0.0655066
0.065677 0.065981
0.0662848 0.0667362
0.0681044 0.0674857
0.0680498 0.067839
0.068922 0.0684848
0.0685978 0.0686947
0.067873 0.0691705
0.0699952 0.0708139
0.0723616 0.071392
0.0720793 0.0717807
0.072312 0.0729695
0.0738379 0.0740183
0.0752939 0.0743038
0.0743402 0.0745462
0.0722383 0.0753085
0.0750027 0.0754314
0.076676 0.075978
0.0778662 0.0767407
0.0745144 0.0777186
0.0778154 0.0789272
0.0798804 0.0798913
0.0810134 0.0809502
0.0812868 0.0816625
0.0822786 0.0818482
0.0819352 0.0821295
0.0821145 0.0831795
0.0845127 0.0836005
0.0843169 0.0838239
0.0850633 0.0845282
0.0859737 0.0858194
0.0869528 0.0863489
0.088096 0.0875019
0.0884024 0.0878052
0.0890636 0.0891345
0.089426 0.0897928
0.0884101 0.0904739
0.0910473 0.0914935
0.0938333 0.0925324
0.0931543 0.0934827
0.0943534 0.0938164
0.0903047 0.0945587
0.0971355 0.0956589
0.0969118 0.0966003
0.0984109 0.0971847
0.0992438 0.0981422
0.100442 0.0996047
0.0978196 0.101117
0.104144 0.102744
0.105155 0.103848
0.10519 0.104716
0.106361 0.105453
0.109121 0.107596
0.109194 0.108837
0.111813 0.109539
0.112057 0.109977
0.106894 0.112568
0.114286 0.112953
0.114243 0.114773
0.116044 0.115728
0.121667 0.118688
0.122355 0.120954
0.124172 0.12249
0.126352 0.124389
0.130771 0.127993
0.128532 0.12922
0.129237 0.132502
0.135829 0.134127
0.132355 0.134827
0.137115 0.137604
0.143727 0.141341
0.147787 0.145492
0.159226 0.156581
0.169704 0.16582
0.173422 0.172764
0.172983 0.181001
0.188583 0.191174
0.19858 0.19768
0.206052 0.205322
0.198483 0.213092
0.000731786 8.548e-05
0.000830968 0.000125478
0.000843684 0.00015444
0.000860214 0.000197533
0.000944138 0.000225778
0.000923793 0.000245289
0.00096194 0.000263501
0.00102425 0.000298842
0.000936508 0.000328522
0.0010039 0.000381995
0.00101789 0.000400817
0.0010802 0.000449614
0.00107129 0.000473683
0.00123024 0.000544461
0.00130908 0.00055841
0.00124804 0.000588329
0.00121752 0.000606145
0.00133959 0.000651367
0.00132052 0.000687139
0.00131035 0.000726813
0.00144895 0.000763481
0.00140572 0.000784398
0.00133959 0.000802977
0.00148964 0.000813633
0.00145658 0.000857321
0.00155322 0.000884611
0.00160662 0.000944981
0.00171979 0.000998737
0.00162951 0.00101555
0.00178846 0.00104682
0.00176557 0.00106422
0.00175794 0.00109723
0.00172997 0.00111747
0.00175285 0.00114028
0.00173887 0.00116265
0.00192324 0.00118687
0.00177447 0.00120344
0.00190035 0.00122676
0.00201225 0.0012467
0.0019207 0.00126372
0.00187111 0.00128256
0.00195122 0.00132426
0.00188128 0.00133554
0.00188128 0.00135805
0.00185204 0.00136643
0.00203514 0.00139997
0.00198428 0.00143941
0.00195503 0.00144564
0.00216103 0.00147648
0.00208728 0.00151168
0.00201734 0.00153907
0.00210889 0.00157901
0.00214958 0.00160203
0.00215721 0.00163538
0.00217501 0.00164954
0.00232887 0.00166216
0.00226148 0.00169156
0.00228691 0.00171102
0.00227928 0.00176454
0.00227292 0.00177809
0.00235812 0.00180415
0.0023187 0.00181672
0.00255903 0.00184034
0.00231997 0.0018465
0.0025514 0.00188149
0.00248782 0.00190223
0.00262388 0.00195822
0.00254122 0.00196654
0.00250308 0.00199572
0.00252215 0.00201067
0.00271543 0.00204334
0.00249418 0.0020634
0.00273832 0.00207087
0.00286929 0.00210428
0.00275358 0.00213368
0.002882 0.00214077
0.00263532 0.00215653
0.00265312 0.00217384
0.00287946 0.00218275
0.00290616 0.00219782
0.00284131 0.00220187
0.00274976 0.00221929
0.00282478 0.0022536
0.00292524 0.0023043
0.00287183 0.00233667
0.00282351 0.00236133
0.00290489 0.00237122
0.00299136 0.00244969
0.00315793 0.00247049
0.00288582 0.00249076
0.0030791 0.00252264
0.00305112 0.00253831
0.00315158 0.00256947
0.00331815 0.00258571
0.00306511 0.0026169
0.00309308 0.00266023
0.00339317 0.00267034
0.00324186 0.00269167
0.0031503 0.00271186
0.00345294 0.00272002
0.00343513 0.00274794
0.00327237 0.00275897
0.00349998 0.00279287
0.00345548 0.00283617
0.00349998 0.0028647
0.00337029 0.00293164
0.00339953 0.00294592
0.00342751 0.00297605
0.00349236 0.00299846
0.0035979 0.00301169
0.00370471 0.00304599
0.00366402 0.00305896
0.00344785 0.0030957
0.00356611 0.00311507
0.00347074 0.00314562
0.00364749 0.00316171
0.00361315 0.00318004
0.00360425 0.00320028
0.00366783 0.00322612
0.00355848 0.00323667
0.00404294 0.00326599
0.00365003 0.00328337
0.00374158 0.00330665
0.00375938 0.00331736
0.00394503 0.00334232
0.00369708 0.00336305
0.00394758 0.00341839
0.00408236 0.00347673
0.00393613 0.00350496
0.00388527 0.0035405
0.00399844 0.00357745
0.00386874 0.00359142
0.00397301 0.00360886
0.00393486 0.00363701
0.00404803 0.00367221
0.00410779 0.00367691
0.00407728 0.00368909
0.0042642 0.00373017
0.00436211 0.00376347
0.00436974 0.00377877
0.00412687 0.00378406
0.00409635 0.00379155
0.00413704 0.00380882
0.00435448 0.00383228
0.00456301 0.00384951
0.00462023 0.00385932
0.00452741 0.00389683
0.00425148 0.00392006
0.0046889 0.00393912
0.00448545 0.00398149
0.00446765 0.0040362
0.0044651 0.00404611
0.0046037 0.00407839
0.00447782 0.00408854
0.00487455 0.00412356
0.00455666 0.00415715
0.00484276 0.00418994
0.00494067 0.00422746
0.00471687 0.00429099
0.00469017 0.00431223
0.00478299 0.00433384
0.00481987 0.00435745
0.00512759 0.00439759
0.00475502 0.00440512
0.00480715 0.00443669
0.00481733 0.00448132
0.00473976 0.00449508
0.00526237 0.0045179
0.00494321 0.00453321
0.00503349 0.00456174
0.00483004 0.00458451
0.00502586 0.00462106
0.00505257 0.00464405
0.00516192 0.00469133
0.00503985 0.00471654
0.00538826 0.00475075
0.0051314 0.00476389
0.00516446 0.00479669
0.00558535 0.00482854
0.00539207 0.00483749
0.0054582 0.00486122
0.00536156 0.00491009
0.00549889 0.00494739
0.00559934 0.00496872
0.005373 0.00499156
0.00531451 0.00501466
0.00535774 0.0050627
0.00559934 0.00507745
0.0056146 0.00510968
0.00584221 0.00513648
0.00555356 0.00516038
0.00541369 0.00517634
0.00538317 0.00520058
0.00559934 0.00522527
0.00566928 0.00524302
0.00549507 0.00525295
0.00562859 0.00526951
0.00561206 0.00529929
0.00568835 0.00534583
0.00572522 0.00537898
0.00568199 0.00539496
0.00586637 0.0054302
0.00574048 0.00549132
0.00618045 0.00552484
0.00604057 0.00555486
0.00615756 0.0055759
0.00572522 0.00559598
0.00626691 0.00564712
0.00619062 0.0056612
0.00600243 0.00568038
0.00600243 0.00571062
0.00623894 0.00572535
0.00601006 0.0057351
0.00609398 0.00576617
0.00587654 0.00579318
0.00612831 0.00581381
0.0061334 0.00583484
0.00659752 0.00585773
0.00615501 0.00586918
0.00622495 0.00591671
0.00614738 0.00594724
0.00609907 0.00597163
0.00649071 0.00599006
0.0065403 0.00602364
0.00620079 0.00604745
0.00647291 0.00607832
0.00630252 0.00612776
0.00677172 0.00616503
0.00629743 0.00618471
0.00631396 0.00621474
0.00651995 0.0062369
0.00674375 0.00626614
0.00661914 0.00629797
0.00658862 0.00631826
0.006464 0.00633779
0.00647799 0.00634565
0.00663185 0.00635955
0.00645765 0.0063805
0.00705401 0.006408
0.00677681 0.0064192
0.00697645 0.00643172
0.00654538 0.00644445
0.00656954 0.00646372
0.00684675 0.00649614
0.00715955 0.00651922
0.00680733 0.00655088
0.00677299 0.00657389
0.00691795 0.0066235
0.00673993 0.00664909
0.00672976 0.00665943
0.00684802 0.00668289
0.00730069 0.00671475
0.00709724 0.00674497
0.00703239 0.00676961
0.00689252 0.0067962
0.00686836 0.00680731
0.00724347 0.00681863
0.0073274 0.00685059
0.00758425 0.00686938
0.00750415 0.00687859
0.00759951 0.00688408
0.007068 0.00690817
0.0072244 0.00692253
0.00740751 0.00694739
0.00723966 0.00698808
0.00725238 0.00699768
0.00727272 0.00703
0.00732867 0.007049
0.00736809 0.0070818
0.00712268 0.00711263
0.00726891 0.00715939
0.00740369 0.00718344
0.00750542 0.00719506
0.00742658 0.0072174
0.00740496 0.00723753
0.00745328 0.00725626
0.00759951 0.00728267
0.00794156 0.00731382
0.00732485 0.00735043
0.00792249 0.00739244
0.00780423 0.00742859
0.00761731 0.00744064
0.0081234 0.00749262
0.00745328 0.0075105
0.00813484 0.00753042
0.00778262 0.00757836
0.00769997 0.00760512
0.00782839 0.00762017
0.00821749 0.00765039
0.00789706 0.00768204
0.00811577 0.00771528
0.00781568 0.00778548
0.00801532 0.00782214
0.00803057 0.00785447
0.00820478 0.00787953
0.00798607 0.00790687
0.00823148 0.00791924
0.00828107 0.00793299
0.00824038 0.00798306
0.00820478 0.00801303
0.00802294 0.00807082
0.00807381 0.0080881
0.00826073 0.00810761
0.00821114 0.00813908
0.00835864 0.00817771
0.00872612 0.00821041
0.0089461 0.00824787
0.00869815 0.00827263
0.00829124 0.00831185
0.00874392 0.00834493
0.00855446 0.00839233
0.00850487 0.00843449
0.00874646 0.00846944
0.00870705 0.00849866
0.00861931 0.00852303
0.00850614 0.00858537
0.00875409 0.008642
0.00878588 0.0086946
0.00874138 0.00872072
0.00879987 0.00877086
0.00938733 0.00880078
0.00930468 0.00880416
0.00932376 0.00882632
0.00913302 0.008861
0.00929451 0.00890102
0.00905291 0.00894609
0.00898043 0.00902007
0.00926145 0.00906424
0.00951449 0.00908722
0.00924492 0.00910483
0.00924873 0.00912716
0.00971158 0.00917709
0.00922203 0.00920092
0.00940895 0.0092446
0.00941785 0.00928066
0.00952466 0.00932609
0.00927289 0.00933611
0.00953738 0.00935125
0.00952721 0.00936282
0.00951449 0.00936832
0.00923729 0.00939882
0.00928434 0.0094182
0.010046 0.0094321
0.00953738 0.00948398
0.00962512 0.00949932
0.00966581 0.00950223
0.0101935 0.0095432
0.00987434 0.00959519
0.00969378 0.00961152
0.00952212 0.00963069
0.00980059 0.00964607
0.00959587 0.00967888
0.0101617 0.00972859
0.00988197 0.00974701
0.00985909 0.00977701
0.0101833 0.00979339
0.0104898 0.00983917
0.0100396 0.0098579
0.00994174 0.00989097
0.0100867 0.00992278
0.00982984 0.00994938
0.0101198 0.0100033
0.0106093 0.0100401
0.0105508 0.0100629
0.0101592 0.0100858
0.010664 0.0101044
0.0106856 0.0102046
0.0101121 0.0102329
0.0109259 0.010264
0.0107988 0.0103106
0.010711 0.0103332
0.0106665 0.0103805
0.0109234 0.0104205
0.0105661 0.0104365
0.0110315 0.010538
0.0107479 0.0105816
0.0109971 0.0106183
0.0109259 0.0106611
0.0109717 0.0106849
0.0107683 0.010711
0.0108077 0.010737
0.0106335 0.0107888
0.0112553 0.0108098
0.0108484 0.0108694
0.0108204 0.0109171
0.0111802 0.0109392
0.011109 0.0109988
0.0109628 0.0110599
0.0111052 0.0110844
0.0109196 0.0111262
0.0113227 0.0111832
0.0111675 0.0112316
0.0110099 0.0112559
0.0116507 0.0112706
0.0110683 0.011287
0.0116291 0.0113192
0.011844 0.0113382
0.0114269 0.0113602
0.0114587 0.011406
0.0116838 0.0114244
0.0113951 0.011466
0.0117741 0.0114812
0.0115719 0.0114951
0.0121161 0.0115165
0.011891 0.0115433
0.0115973 0.0115645
0.0121199 0.0116109
0.0122585 0.0116755
0.0117435 0.0116934
0.0118923 0.0117192
0.0115058 0.0117516
0.0117652 0.0117759
0.011755 0.0118049
0.0122458 0.0118722
0.0119801 0.0119322
0.011891 0.011948
0.0122255 0.0119745
0.0125421 0.0119966
0.0123412 0.0120282
0.0120716 0.0120772
0.0119737 0.012108
0.0124772 0.0121504
0.0120729 0.0121726
0.0123463 0.0121991
0.0125078 0.0122529
0.0127684 0.0122988
0.0122585 0.0123136
0.0123437 0.0123402
0.0125484 0.0123986
0.01264 0.0124329
0.0124963 0.0124627
0.0126909 0.012512
0.0124823 0.0125445
0.0131601 0.0125771
0.012551 0.0126256
0.0126349 0.0126709
0.0128066 0.0127463
0.0128384 0.0127867
0.0128562 0.0128579
0.0129083 0.0128933
0.0128803 0.0129297
0.0129121 0.0129663
0.0125993 0.0130068
0.0135047 0.0130529
0.0132262 0.0130871
0.0136814 0.0131523
0.0134805 0.0131803
0.013202 0.013234
0.0135263 0.0132531
0.0135517 0.0133154
0.0131741 0.0133619
0.0133355 0.0133912
0.0140273 0.0134749
0.014012 0.0134957
0.0132643 0.0135476
0.0136026 0.0135883
0.0134919 0.0136027
0.0134691 0.0136758
0.0139128 0.0137221
0.0139065 0.0137548
0.0142523 0.0137653
0.0136751 0.0137742
0.0138734 0.0138008
0.013759 0.0138856
0.013806 0.0139265
0.0139192 0.0140173
0.0142892 0.0140599
0.014082 0.0140989
0.0138899 0.0141197
0.0140883 0.0141587
0.0143363 0.0142028
0.0143998 0.0142162
0.0147711 0.0142421
0.0141417 0.0143007
0.0148093 0.0143334
0.0144889 0.0143846
0.014293 0.0144257
0.0144113 0.0144841
0.0143859 0.014523
0.014499 0.0145708
0.0146084 0.0146214
0.0147432 0.014667
0.0146262 0.0147509
0.0146796 0.014771
0.0148436 0.0148001
0.0149047 0.0148504
0.0149403 0.0148907
0.0153586 0.0149293
0.0150712 0.0149532
0.0152124 0.0149977
0.015337 0.0150303
0.0150649 0.0150675
0.0149415 0.015077
0.0146313 0.0151337
0.0149937 0.0151604
0.0153306 0.0152016
0.0147978 0.0152988
0.0153357 0.0153996
0.0152518 0.0154189
0.0151602 0.0154475
0.0153561 0.0154809
0.0158393 0.0155333
0.0155481 0.0155893
0.0156651 0.0156261
0.0152734 0.0156553
0.0157439 0.0156704
0.0154158 0.0157017
0.0158202 0.0157533
0.0159181 0.0158021
0.0159893 0.0158386
0.0157363 0.0158912
0.0157401 0.0159201
0.0156778 0.0159622
0.0160605 0.0159866
0.0158838 0.0160119
0.0160974 0.0160432
0.0159931 0.0160734
0.0155938 0.0161662
0.0159931 0.0161972
0.0159918 0.0162334
0.0160605 0.0162685
0.0162703 0.0162941
0.0158024 0.0163176
0.0165602 0.0163698
0.016784 0.016394
0.0161228 0.0164022
0.0162017 0.0164265
0.0161343 0.0164476
0.0159601 0.0164794
0.0163784 0.0165441
0.0165653 0.016655
0.0164445 0.0167096
0.0165819 0.016756
0.0166416 0.0168108
0.0166187 0.0168467
0.016784 0.0169211
0.0171197 0.0169677
0.0169125 0.0169921
0.0165284 0.0170453
0.0164445 0.017059
0.0169061 0.0171599
0.0173079 0.0172306
0.0169849 0.0172671
0.0171579 0.0173146
0.0173359 0.0173792
0.0178267 0.0174191
0.0171553 0.0174805
0.0174643 0.0175237
0.017121 0.0175428
0.0179246 0.0175723
0.0175228 0.0176104
0.017505 0.0176376
0.0178089 0.0177298
0.0179653 0.0177728
0.0172253 0.0178651
0.0179246 0.0179458
0.0177542 0.0179951
0.0177428 0.0180587
0.0180658 0.0180723
0.0184841 0.0181237
0.0177479 0.0181662
0.0181535 0.0181934
0.0186265 0.0182742
0.0184053 0.0183365
0.0181383 0.0183683
0.017875 0.0183959
0.0183748 0.0184176
0.0182934 0.0184709
0.0186965 0.0185101
0.0185337 0.0185689
0.0183506 0.0186259
0.0182858 0.018703
0.0187715 0.0187259
0.0185134 0.018776
0.0191746 0.0188143
0.0181789 0.0188782
0.0187511 0.0189249
0.0191733 0.0189686
0.018877 0.0190437
0.0194174 0.0191056
0.0185897 0.019153
0.0194263 0.0192496
0.0194263 0.0193136
0.0188834 0.0193639
0.0191174 0.0194534
0.0197709 0.0194889
0.0195039 0.0195441
0.0190105 0.0195759
0.0198129 0.019608
0.0191097 0.0196335
0.019331 0.0196564
0.0190652 0.0197555
0.0194035 0.0198325
0.0192178 0.0198987
0.0198193 0.0199191
0.020277 0.019984
0.0193106 0.020036
0.020455 0.0201238
0.0199248 0.0202192
0.01979 0.0202667
0.0200075 0.0203344
0.0201219 0.0204111
0.0203381 0.0204429
0.0202414 0.0204679
0.0199731 0.020534
0.0201956 0.0205522
0.020895 0.0206418
0.0203851 0.0207281
0.0201384 0.0207982
0.0203088 0.0208507
0.0205263 0.0208813
0.0205669 0.0209101
0.0210018 0.0209435
0.0206725 0.0209732
0.0206242 0.021052
0.0208594 0.0211178
0.0207818 0.0211951
0.0215435 0.0212716
0.0210323 0.0213027
0.02104 0.0213207
0.0213172 0.0214066
0.0212243 0.0214397
0.0211417 0.0215001
0.0211989 0.0215238
0.0210387 0.0216328
0.021663 0.0218194
0.0219199 0.0219155
0.0219212 0.0219745
0.0216401 0.0219907
0.0217482 0.0220356
0.0216935 0.022104
0.0217393 0.0221398
0.0224044 0.0222023
0.0221208 0.022259
0.0220496 0.0223539
0.0222149 0.0223932
0.0218004 0.0224924
0.0224628 0.022603
0.02274 0.0226404
0.0221297 0.0226611
0.0228113 0.0227212
0.0225531 0.0227904
0.0227655 0.0228357
0.0227833 0.0228999
0.0228278 0.0229379
0.0225506 0.0230247
0.0228329 0.0231408
0.0228812 0.0231628
0.0225582 0.0231978
0.0230605 0.0232898
0.023489 0.0234058
0.0227757 0.0235046
0.0234038 0.0235639
0.0236632 0.0236006
0.0232754 0.0237259
0.0235284 0.0238348
0.0234559 0.0238956
0.0234152 0.0239147
0.0234852 0.024036
0.024285 0.0240907
0.0241845 0.0241642
0.0236899 0.0242599
0.0244821 0.0242779
0.0239913 0.0243467
0.0244134 0.0244434
0.023606 0.0244603
0.024051 0.0245274
0.0241718 0.0246147
0.023742 0.0246815
0.0246258 0.0247493
0.0248877 0.0248487
0.0240828 0.0248957
0.0252412 0.0250337
0.0246843 0.0250801
0.0243867 0.0251381
0.0248686 0.0252289
0.025437 0.0252984
0.0252527 0.0253291
0.025348 0.0253825
0.0249132 0.0254195
0.0254841 0.0255148
0.0253874 0.0255788
0.0257829 0.0255891
0.024669 0.0256209
0.0254561 0.0257054
0.0251993 0.0258063
0.0253569 0.0258707
0.0250238 0.0259733
0.0255464 0.0260581
0.0251509 0.0261235
0.0260728 0.0262287
0.025924 0.0263792
0.0259825 0.0264477
0.0263271 0.0265617
0.0257905 0.0266779
0.0263716 0.0267872
0.0262356 0.0268628
0.0261644 0.0269033
0.0270926 0.0269511
0.0268866 0.0271238
0.0271104 0.0271649
0.0266234 0.0272198
0.0270863 0.0272629
0.0268434 0.0273282
0.0266984 0.0273878
0.0265319 0.0274337
0.0273558 0.0275079
0.0273228 0.0276759
0.0278632 0.0277247
0.0276051 0.0278554
0.0273164 0.0278779
0.0278149 0.0279469
0.0282955 0.0281361
0.0282866 0.0282082
0.0277831 0.0282205
0.0284341 0.0283574
0.0283133 0.028486
0.0283527 0.0288026
0.0289313 0.0289642
0.028677 0.0290393
0.029267 0.0292092
0.0293026 0.0292663
0.0292912 0.0293211
0.0289961 0.0293742
0.0290407 0.0295866
0.0294768 0.0296667
0.0297769 0.0297532
0.0294704 0.0298556
0.0288906 0.0299742
0.0297769 0.0302508
0.0303262 0.030405
0.0301571 0.0305608
0.0297489 0.0306196
0.0302156 0.0307288
0.0309289 0.0308435
0.0302855 0.0309816
0.0306733 0.0310491
0.0301037 0.0311286
0.0311667 0.0311631
0.0305297 0.0313225
0.0307484 0.0314451
0.0308514 0.031559
0.0316881 0.0317562
0.0318521 0.031828
0.0321585 0.0320606
0.0322463 0.032122
0.0311832 0.0322154
0.0317707 0.0323664
0.0327803 0.0326794
0.0318966 0.0327511
0.0324637 0.0328342
0.0321153 0.0330242
0.0324777 0.0330503
0.0331046 0.0331355
0.0331402 0.0332496
0.032493 0.0333813
0.0335089 0.0336774
0.0338192 0.033759
0.032835 0.0339482
0.0332203 0.0340122
0.0340722 0.0340877
0.0334021 0.0341602
0.0333627 0.0342169
0.0343151 0.0343477
0.033425 0.0344282
0.0346152 0.0346155
0.0345058 0.0346693
0.0339921 0.0347862
0.0342782 0.0348993
0.0349916 0.0350171
0.035045 0.0351126
0.0340862 0.0352113
0.0347474 0.0352774
0.0352815 0.0353657
0.0348034 0.0354355
0.0355714 0.0355474
0.0355752 0.035772
0.035766 0.0358829
0.0351289 0.0360917
0.0357596 0.0362661
0.0363407 0.0363839
0.0356668 0.0364021
0.0353959 0.0364473
0.0357558 0.0366689
0.0365658 0.0367455
0.0368786 0.0368205
0.0368532 0.0369487
0.0363331 0.0371293
0.0369701 0.0372536
0.0372906 0.03736
0.0373427 0.0374468
0.0374304 0.0376084
0.0369078 0.0377965
0.0374724 0.0379163
0.0376059 0.0380584
0.0378793 0.0381853
0.0380395 0.0383301
0.0381298 0.0386041
0.0379658 0.038846
0.0387007 0.0389843
0.0379569 0.039063
0.0384553 0.0391126
0.0380395 0.0392056
0.0388393 0.0393788
0.0386219 0.0394923
0.0389156 0.0396917
0.0396303 0.0397883
0.0394103 0.0400269
0.0390275 0.0401661
0.0402292 0.0402659
0.0400359 0.0403282
0.0392132 0.0404205
0.0393136 0.0405875
0.0398833 0.0406768
0.0403283 0.0407432
0.039718 0.0408618
0.0409412 0.040988
0.0411587 0.0410769
0.0411828 0.0413061
0.0413863 0.0415558
0.0413621 0.0416681
0.0417461 0.0418715
0.0409959 0.0421458
0.0413774 0.0422765
0.0423336 0.0426362
0.0430291 0.0427902
0.0422891 0.0429821
0.0428244 0.0430551
0.0425688 0.0432001
0.0429999 0.0433652
0.0427329 0.043658
0.043759 0.0438466
0.0433966 0.044001
0.043534 0.0442265
0.0438862 0.0445139
0.0436217 0.0447286
0.0438455 0.0447785
0.0436281 0.0449206
0.0448182 0.0451322
0.044831 0.0453288
0.0455532 0.0454212
0.0445855 0.0455053
0.0445525 0.0456303
0.0449403 0.045981
0.0452379 0.0461073
0.0458062 0.0463117
0.0455494 0.0464108
0.0465234 0.0465641
0.0469087 0.0467463
0.0458202 0.0467979
0.0460847 0.0470666
0.0473983 0.0475462
0.0464586 0.047714
0.0472228 0.047807
0.0477085 0.0478447
0.047416 0.0480385
0.0478344 0.0481561
0.0478458 0.0485346
0.0487372 0.0486102
0.0489508 0.0489112
0.0480061 0.0490548
0.0485592 0.0490887
0.0491772 0.0492157
0.0495955 0.0493084
0.0495955 0.0493776
0.0489674 0.0495107
0.0487309 0.0498556
0.0492751 0.0499321
0.0499681 0.0501654
0.0494582 0.0503801
0.0504411 0.0505614
0.0501766 0.0508463
0.0510769 0.0512145
0.0511481 0.0514989
0.0512244 0.0518397
0.0519873 0.0519033
0.0521081 0.0522935
0.0513922 0.0525552
0.052838 0.0529131
0.0530415 0.053174
0.0532195 0.0534971
0.052646 0.0536535
0.0535971 0.05397
0.0549056 0.0544318
0.0540282 0.0550125
0.0552464 0.0553607
0.0558173 0.0556644
0.0558071 0.0562992
0.0567341 0.0566033
0.0574754 0.0569884
0.0559406 0.0571412
0.0568129 0.0573058
0.0584812 0.0580197
0.0572186 0.0583156
0.0589835 0.0587424
0.0585601 0.058968
0.0584278 0.0593677
0.0590763 0.0598568
0.060264 0.0605264
0.060283 0.0610372
0.0612227 0.0615525
0.0614847 0.0617733
0.0619157 0.0622343
0.0624078 0.0626072
0.062994 0.0629563
0.0630474 0.0631157
0.0621993 0.0634365
0.06438 0.0639171
0.0641308 0.0641031
0.0642363 0.0644446
0.0647793 0.0646126
0.066501 0.0656085
0.0659771 0.0661331
0.0674241 0.0667367
0.067269 0.0675412
0.067639 0.0679268
0.0686334 0.0686574
0.0672449 0.068723
0.0683638 0.0692571
0.0707226 0.0709229
0.0716877 0.0714621
0.0721874 0.0719787
0.0740503 0.0732085
0.0731792 0.0740243
0.074653 0.0743331
0.0741723 0.0747853
0.0753218 0.0753223
0.0752837 0.0757793
0.0759271 0.0761979
0.0761509 0.0768009
0.0780354 0.0779141
0.0787093 0.0789302
0.0809689 0.0806529
0.082187 0.0813558
0.0811189 0.0816681
0.0831076 0.0818951
0.0819314 0.0823421
0.0847988 0.0832143
0.0836048 0.083606
0.084149 0.0838659
0.0852108 0.0847086
0.0851574 0.0859953
0.0869757 0.0864459
0.0880413 0.0875135
0.0880845 0.0878491
0.0896346 0.089362
0.0899423 0.0898867
0.0922947 0.0906884
0.091973 0.0918253
0.0913448 0.0926424
0.093064 0.0935438
0.0944564 0.0938884
0.0960929 0.0950303
0.0964451 0.0956659
0.0959098 0.09667
0.0979176 0.0972947
0.0930869 0.0982941
0.101599 0.0998557
0.101132 0.101422
0.103703 0.102896
0.105825 0.104133
0.103914 0.10497
0.106273 0.105489
0.109059 0.10776
0.108455 0.108943
0.109658 0.109595
0.110674 0.110121
0.112654 0.112704
0.111881 0.11297
0.116533 0.114992
0.109634 0.115759
0.120375 0.119014
0.123164 0.121378
0.124594 0.122709
0.127707 0.126238
0.126822 0.128444
0.131618 0.130898
0.13445 0.132664
0.133743 0.134204
0.137636 0.135055
0.141675 0.138632
0.144982 0.141375
0.147025 0.14916
0.147022 0.157812
0.169213 0.168848
0.174716 0.172854
0.171946 0.184846
0.190641 0.192536
0.199703 0.200797
0.209885 0.211146
0.202674 0.215047
0.000755946 0.000101727
0.000799179 0.000128299
0.000806808 0.000161373
0.000828425 0.00020513
0.000855128 0.000233242
0.000967026 0.00025113
0.00093015 0.000277253
0.000933965 0.000311254
0.000956853 0.000335585
0.00105222 0.000393756
0.00103315 0.000417428
0.00106366 0.000462381
0.00113614 0.000475342
0.00114632 0.000544736
0.00113869 0.000559617
0.00121244 0.000589792
0.00117556 0.000613972
0.00131543 0.000661186
0.00136884 0.000693694
0.00150744 0.000744773
0.0014286 0.000764043
0.0015494 0.000788267
0.00141335 0.000804602
0.0013663 0.000816462
0.00147438 0.000859748
0.00162061 0.000923752
0.00154432 0.000946604
0.00152651 0.001009
0.00159136 0.00102587
0.00179227 0.0010474
0.00170835 0.00107273
0.00164731 0.00109835
0.00178973 0.00111891
0.00165367 0.00114601
0.001791 0.001163
0.00188764 0.00119269
0.00186221 0.00121297
0.00189018 0.00123168
0.00191943 0.00125071
0.00183169 0.00127154
0.00186984 0.00128708
0.00203641 0.00133172
0.00182152 0.00135113
0.00195249 0.00135835
0.00196012 0.00136914
0.00213687 0.0014153
0.00214704 0.00144039
0.00213559 0.0014534
0.00207456 0.00147911
0.0020949 0.00152891
0.00220299 0.00154335
0.00214958 0.00158557
0.00205803 0.00161068
0.00236702 0.00163674
0.00213941 0.00165087
0.00242551 0.00167482
0.00220935 0.0016936
0.00224368 0.0017306
0.0024395 0.00176655
0.00252469 0.00178348
0.00242933 0.00180457
0.00225258 0.00182247
0.00242551 0.00184388
0.0024395 0.0018616
0.00240262 0.00189363
0.00238991 0.00190379
0.00247002 0.00195923
0.00251834 0.00197634
0.00259972 0.0020021
0.00245094 0.00201258
0.00252088 0.00204566
0.00265567 0.00206606
0.002484 0.00208822
0.00273832 0.00211059
0.00271034 0.00213433
0.00264931 0.00214771
0.00258954 0.00216837
0.0026226 0.00217465
0.00286674 0.00219183
0.00267855 0.00219921
0.00261497 0.00220323
0.00279808 0.00222799
0.00267474 0.00225589
0.00292905 0.00230456
0.00271289 0.00233692
0.00303205 0.00236284
0.00288963 0.0023773
0.00292269 0.0024554
0.00325203 0.00248457
0.00293414 0.0024931
0.00303078 0.00252647
0.00291379 0.00254872
0.00305621 0.00257104
0.00311343 0.00259343
0.00308164 0.00262959
0.00311089 0.00266398
0.0032266 0.00267658
0.00319227 0.00269461
0.00334104 0.00271334
0.00316683 0.00273157
0.0032355 0.00275169
0.00338554 0.00276952
0.00322533 0.00280726
0.00355848 0.00284403
0.00359281 0.00287537
0.00335503 0.00293848
0.00344912 0.00295337
0.0035127 0.0029893
0.00332705 0.00300088
0.0036157 0.00302181
0.00346947 0.00304807
0.00341479 0.00306626
0.00345675 0.00309687
0.00375303 0.00312662
0.00371106 0.00315343
0.00360171 0.00316267
0.00349236 0.0031853
0.00351652 0.00320033
0.00386111 0.00322853
0.00360552 0.00325355
0.00388145 0.0032713
0.003884 0.00329685
0.00364494 0.0033097
0.00401624 0.00333542
0.00372251 0.00334531
0.00377464 0.00337163
0.00398699 0.0034472
0.00390307 0.00348101
0.00381533 0.00350948
0.00395393 0.00354433
0.00402006 0.00358103
0.00409508 0.00359153
0.00409126 0.00361299
0.00410144 0.00364534
0.00435956 0.00367264
0.00405439 0.00367812
0.00440407 0.00369938
0.00444603 0.00375709
0.00441424 0.00376667
0.00416629 0.00377884
0.0043939 0.00378526
0.00422732 0.00379828
0.00421969 0.00380996
0.0044206 0.0038391
0.00458209 0.00385338
0.00430234 0.00388775
0.00428581 0.00389791
0.00441551 0.00393006
0.00419299 0.00395864
0.00450706 0.00402151
0.00448545 0.00404311
0.00453885 0.00405934
0.00440025 0.00408286
0.00470416 0.004094
0.00455284 0.00413339
0.00439008 0.00416796
0.00459099 0.00420173
0.0048097 0.0042431
0.00450325 0.00429279
0.00465075 0.00431556
0.00480715 0.00433973
0.00476901 0.00436168
0.00480588 0.00439858
0.00468636 0.00440792
0.00474612 0.00444224
0.00476265 0.00448544
0.00499916 0.00450305
0.00517845 0.00452013
0.00482623 0.00453763
0.00532341 0.00457811
0.00497882 0.00460109
0.00489998 0.00462151
0.00495466 0.00468566
0.00487582 0.00470055
0.0050869 0.00471675
0.00504112 0.00475566
0.00501569 0.0047748
0.0050602 0.00479826
0.00518354 0.00482948
0.00500806 0.00484506
0.00534121 0.00488935
0.00509707 0.00491709
0.0052344 0.00495629
0.00544039 0.00497394
0.00532341 0.004995
0.00524712 0.00502603
0.00542768 0.00506607
0.00565275 0.00507762
0.0055968 0.00511257
0.00582314 0.00513901
0.00546328 0.00516148
0.00540479 0.00518554
0.00554721 0.00521602
0.00558662 0.00522605
0.0057176 0.00524356
0.00560443 0.00525334
0.0058918 0.00527002
0.00564893 0.00530065
0.00591977 0.00535157
0.0056324 0.00538171
0.00569471 0.00540478
0.0061245 0.00543993
0.00579007 0.00550503
0.00571505 0.00552865
0.00581805 0.00555814
0.00619443 0.00558274
0.00623894 0.00561873
0.00605456 0.00565149
0.00597954 0.00566355
0.00600878 0.0056882
0.00605583 0.0057118
0.00597318 0.00573104
0.00606092 0.005736
0.0060215 0.00577695
0.00626945 0.00579645
0.00620206 0.00581466
0.0065492 0.00583997
0.00617154 0.00585931
0.00631396 0.00587006
0.00614611 0.00593678
0.00612068 0.00594945
0.00631269 0.00597776
0.0062987 0.00599123
0.00640043 0.00603373
0.00639407 0.00604856
0.00674375 0.00607954
0.006272 0.00613118
0.00645765 0.00616542
0.00623767 0.00618619
0.00687472 0.00622698
0.00635592 0.00624141
0.00672976 0.00627551
0.00662931 0.00630268
0.0069472 0.00633165
0.0064551 0.00633898
0.00682131 0.0063458
0.0065136 0.00636015
0.00699043 0.00638368
0.00675265 0.00641405
0.00664965 0.00642741
0.00695483 0.00643374
0.00662295 0.00645071
0.00669161 0.00647921
0.00675138 0.00650008
0.00708834 0.00651955
0.007068 0.00655591
0.00676282 0.00657915
0.0069383 0.00664289
0.00686836 0.0066509
0.00723712 0.0066596
0.00695483 0.00669837
0.00682131 0.00672057
0.00702731 0.00675752
0.00745074 0.00678206
0.00689252 0.00679962
0.00742658 0.00680899
0.0075105 0.00681906
0.00707181 0.00685383
0.00687981 0.00687228
0.00723076 0.00687999
0.00733757 0.00688493
0.00710487 0.00690921
0.00714811 0.00693571
0.00725492 0.00696523
0.00717608 0.00698944
0.00719388 0.00700229
0.00775846 0.00703641
0.00708326 0.00705879
0.00737953 0.00709961
0.00763257 0.00711507
0.00738462 0.00717338
0.00741132 0.00718349
0.00766182 0.00719842
0.00777626 0.00721832
0.00754229 0.00724925
0.00752449 0.00725726
0.00762622 0.00728592
0.00728925 0.00731486
0.00754356 0.00735643
0.00774701 0.00739482
0.00787671 0.00742865
0.00768725 0.00744531
0.00772031 0.0074935
0.00749906 0.00751309
0.00757535 0.00757001
0.00778516 0.00759708
0.00768852 0.00760982
0.00772794 0.00762515
0.00799878 0.00767125
0.00815264 0.00769257
0.00823784 0.00775372
0.00800641 0.00779652
0.00834974 0.00783075
0.00807889 0.0078547
0.00844002 0.00788436
0.00811704 0.00790703
0.0079085 0.00792518
0.00813484 0.00793726
0.0085748 0.00798966
0.00820859 0.00805387
0.00805982 0.00807795
0.00855954 0.00808824
0.00828234 0.00811222
0.00806109 0.00814168
0.0082976 0.00819415
0.00834084 0.00821954
0.00821877 0.00825422
0.00819206 0.00828193
0.00863965 0.00832655
0.00857226 0.00834728
0.00882149 0.00839343
0.00864855 0.00843796
0.00871213 0.00848102
0.00866 0.00850791
0.00871468 0.00852444
0.00878588 0.00859998
0.00919787 0.00867075
0.00935555 0.00870274
0.00881513 0.0087265
0.00883293 0.00879215
0.00890795 0.00880097
0.00873629 0.00881071
0.00913556 0.00883368
0.00925 0.00887594
0.00908597 0.00890877
0.00912793 0.00895155
0.00916227 0.0090263
0.00919914 0.00907001
0.00949033 0.00908883
0.008955 0.00911474
0.00944074 0.00914682
0.00901349 0.00917986
0.00920041 0.00922072
0.00983238 0.00925112
0.00949033 0.00930609
0.00944074 0.00932972
0.00949669 0.00934447
0.00999641 0.00935516
0.00921059 0.00936359
0.00984891 0.00937249
0.0100689 0.00940649
0.00952721 0.00942129
0.00954119 0.00944588
0.00934792 0.00948424
0.0101795 0.00949943
0.00963275 0.00952464
0.00962257 0.00955599
0.0100613 0.00959723
0.0100816 0.00962118
0.0101401 0.00963193
0.00977898 0.00964851
0.00981204 0.00968215
0.00966072 0.00972905
0.00980314 0.00975472
0.0101172 0.00978532
0.0102749 0.00981109
0.00985909 0.0098434
0.00996463 0.0098627
0.0100282 0.00989483
0.00990613 0.00992557
0.0105801 0.00995893
0.0102418 0.0100061
0.0104059 0.0100486
0.00985527 0.0100707
0.0101668 0.0100876
0.0107085 0.0101127
0.0101693 0.010208
0.0102202 0.0102481
0.0100371 0.0102712
0.0102673 0.0103167
0.0103817 0.0103416
0.0103181 0.0104084
0.0109412 0.0104208
0.0103512 0.0104417
0.0108636 0.0105492
0.0106729 0.0106057
0.011254 0.0106266
0.010842 0.0106619
0.0111993 0.0106884
0.0109666 0.0107158
0.0108102 0.0107783
0.0105673 0.0107893
0.0105419 0.0108125
0.0108751 0.010889
0.0107517 0.0109231
0.0109437 0.0109399
0.0110696 0.0110217
0.0116126 0.0110672
0.0113862 0.011089
0.010959 0.0111354
0.0112629 0.0111894
0.0117385 0.0112441
0.0114905 0.011259
0.0117168 0.0112736
0.0111688 0.0112871
0.0113176 0.0113195
0.0113926 0.0113456
0.0110671 0.0113633
0.0112336 0.0114082
0.0111726 0.0114341
0.0115846 0.0114708
0.0117715 0.0114825
0.0115083 0.0115011
0.0114409 0.011529
0.0121708 0.0115482
0.0115668 0.011569
0.0117588 0.0116322
0.0117029 0.011685
0.0115935 0.0117035
0.0120258 0.0117377
0.012153 0.0117583
0.0118402 0.0117773
0.0118771 0.0118357
0.0118974 0.0118811
0.0117957 0.0119362
0.0120271 0.0119619
0.0116367 0.0119783
0.0116914 0.0120145
0.0120093 0.012031
0.0122306 0.0120843
0.0125014 0.0121113
0.0119445 0.0121519
0.0126743 0.0121808
0.0127379 0.0122292
0.012228 0.0122823
0.0122547 0.0123002
0.0121314 0.0123138
0.0121721 0.0123457
0.0122738 0.0123993
0.0128994 0.012438
0.0121352 0.0124664
0.0130723 0.0125291
0.0126171 0.0125493
0.0123005 0.0125782
0.0128384 0.012665
0.0124645 0.0126774
0.0129515 0.0127673
0.0131969 0.0127879
0.013183 0.0128706
0.0134424 0.0129005
0.0129236 0.0129358
0.0134652 0.012976
0.0129477 0.0130215
0.0132898 0.0130571
0.0129388 0.0130887
0.0132554 0.0131536
0.0134271 0.0131847
0.0132097 0.0132364
0.0128485 0.0132671
0.0138671 0.0133245
0.0129668 0.0133736
0.0133457 0.0134429
0.0134118 0.0134832
0.0133127 0.0135005
0.0131677 0.0135727
0.0137717 0.0135921
0.0136789 0.0136027
0.0133203 0.0136775
0.0138404 0.0137273
0.0136865 0.013757
0.013848 0.0137661
0.0138887 0.0137745
0.013792 0.0138254
0.0136649 0.0138986
0.0136598 0.0139323
0.0139167 0.0140416
0.0143121 0.0140615
0.0144024 0.0141001
0.0146618 0.0141252
0.0137793 0.0141592
0.0142422 0.014209
0.0143248 0.0142296
0.014143 0.0142824
0.0143681 0.014312
0.0142638 0.0143428
0.01426 0.0144006
0.0141087 0.0144684
0.0141176 0.0144857
0.0145791 0.0145278
0.0144494 0.0145755
0.0141989 0.0146353
0.014513 0.0147147
0.0146872 0.0147602
0.0148767 0.0147744
0.014377 0.0148316
0.0149237 0.0148598
0.0151602 0.0149027
0.0152378 0.0149326
0.0146643 0.0149669
0.0148767 0.0150039
0.0146872 0.0150562
0.0151768 0.0150746
0.0151971 0.0150799
0.0148258 0.0151351
0.0156231 0.0151672
0.0155671 0.015243
0.0151005 0.0153311
0.0150789 0.0154124
0.0159423 0.0154252
0.0153446 0.0154484
0.015955 0.0154851
0.0150064 0.0155474
0.015501 0.0155904
0.0154438 0.0156296
0.0161622 0.0156581
0.0160338 0.0156757
0.0158367 0.0157426
0.0160046 0.0157572
0.0154222 0.0158195
0.0158278 0.0158522
0.0157083 0.0159019
0.0160745 0.0159238
0.0164738 0.0159741
0.0154463 0.0159879
0.0157859 0.0160179
0.0157363 0.0160485
0.0158685 0.0160851
0.0162818 0.0161662
0.0162576 0.0162055
0.0160071 0.0162432
0.0158939 0.0162714
0.0161686 0.0162996
0.0168311 0.0163477
0.0161737 0.0163714
0.0166912 0.0163992
0.0162525 0.0164065
0.016283 0.0164391
0.016475 0.0164506
0.0158914 0.0164826
0.0167548 0.0165469
0.0171299 0.0166593
0.0169964 0.0167281
0.0172698 0.016792
0.0167599 0.0168139
0.016765 0.0168738
0.0169531 0.0169224
0.0170981 0.0169718
0.0168349 0.0169953
0.0164992 0.0170503
0.0166175 0.0170675
0.0169531 0.0171615
0.0169353 0.0172473
0.0173308 0.017269
0.0171223 0.0173154
0.017032 0.0173891
0.0171261 0.0174214
0.017369 0.0174831
0.017594 0.0175254
0.0171452 0.0175549
0.0171668 0.017582
0.0170905 0.0176129
0.0174211 0.0176574
0.0181942 0.0177493
0.018081 0.017828
0.0176563 0.0178961
0.0177161 0.0179594
0.017388 0.0180003
0.0179081 0.0180592
0.01817 0.0181078
0.0178852 0.0181311
0.0184612 0.0181665
0.0179335 0.0182036
0.0186634 0.0182857
0.0184116 0.0183397
0.0179157 0.0183699
0.0181777 0.0183999
0.0182451 0.0184232
0.0185401 0.0184725
0.0180747 0.0185313
0.0180314 0.0185897
0.0190436 0.0186267
0.0186316 0.0187137
0.0191199 0.0187574
0.018184 0.0187825
0.0183163 0.0188399
0.0188516 0.0189034
0.0187817 0.0189355
0.0185273 0.0190316
0.0187346 0.0190492
0.0187995 0.0191081
0.0185083 0.0191563
0.0188999 0.0192506
0.0192432 0.0193179
0.0191593 0.0194181
0.019392 0.0194619
0.0188478 0.0195281
0.0189788 0.0195473
0.0192865 0.0195814
0.0193068 0.019619
0.0200087 0.0196392
0.0197302 0.0197083
0.0195408 0.0197902
0.0195459 0.0198444
0.0195408 0.0199019
0.0192738 0.019935
0.0197837 0.0199922
0.0196552 0.020046
0.0201473 0.0201704
0.0196527 0.0202229
0.0204703 0.0202728
0.0196031 0.0203374
0.0200354 0.020415
0.0199871 0.0204545
0.0205161 0.0204737
0.0198867 0.0205341
0.0207399 0.0205785
0.0203292 0.0206434
0.0204601 0.0207301
0.0209103 0.0208116
0.0207322 0.0208573
0.0209204 0.0208832
0.0210603 0.0209115
0.0206877 0.0209505
0.0210883 0.0209877
0.0212269 0.0210656
0.0208098 0.0211523
0.0204487 0.021197
0.0214227 0.0212723
0.0214863 0.0213045
0.0208492 0.0213222
0.0213807 0.0214079
0.0208912 0.0214431
0.0211061 0.0215024
0.021836 0.0215328
0.0212701 0.0217768
0.0213617 0.0218386
0.021574 0.0219371
0.0211964 0.0219778
0.0220648 0.0219908
0.0219466 0.022056
0.0214965 0.0221183
0.0217927 0.0221576
0.0224425 0.0222144
0.0219847 0.0222637
0.0218283 0.0223577
0.0224069 0.0223986
0.0222034 0.0225131
0.0225582 0.0226119
0.0225264 0.0226492
0.0223598 0.0226619
0.0229956 0.0227578
0.0226243 0.0228032
0.0227311 0.0228639
0.0221602 0.0229152
0.0223904 0.0229999
0.022838 0.0230512
0.0233084 0.0231486
0.0226955 0.0231722
0.023428 0.0232031
0.0227718 0.023295
0.0229982 0.0234156
0.0233212 0.0235435
0.022824 0.0235649
0.0237141 0.023612
0.0233237 0.0237751
0.0234445 0.023839
0.0235004 0.0238988
0.0235437 0.0239656
0.023606 0.0240477
0.0238679 0.024114
0.0239366 0.0242023
0.0245228 0.0242632
0.0236874 0.0242904
0.0236454 0.0243527
0.0246627 0.024445
0.0238654 0.0244952
0.0244821 0.0245489
0.024772 0.0246504
0.024271 0.0247108
0.0249233 0.0247632
0.0242201 0.0248671
0.0243562 0.0248992
0.0252158 0.0250392
0.024964 0.0251317
0.024978 0.0251437
0.024725 0.0252487
0.0250454 0.0253107
0.0249399 0.025337
0.0255667 0.025387
0.0250632 0.0254328
0.0256672 0.0255271
0.025568 0.0255833
0.0252349 0.0255908
0.0252272 0.0256413
0.0254904 0.0257163
0.0254828 0.0258125
0.0254688 0.0258897
0.0253379 0.0260116
0.025713 0.0260758
0.0263538 0.026145
0.0264212 0.0262413
0.0261148 0.0264169
0.025671 0.0264899
0.0260614 0.0265906
0.0268752 0.026686
0.0265217 0.0268014
0.0259012 0.0268728
0.0270913 0.0269072
0.0265166 0.0269939
0.0272223 0.0271321
0.0270456 0.0271778
0.0269273 0.0272263
0.0268981 0.0272904
0.0270608 0.0273446
0.0269388 0.0274129
0.0274779 0.0274534
0.0267811 0.0275362
0.0266552 0.0276894
0.02679 0.0277529
0.0272274 0.027862
0.0277373 0.0279022
0.0277678 0.0279508
0.0272236 0.0281371
0.0272566 0.0282095
0.0277538 0.0282523
0.0278416 0.0283879
0.0282205 0.028525
0.029014 0.0288283
0.028443 0.0289749
0.0284557 0.0290435
0.0281531 0.0292219
0.0293026 0.0292707
0.0284265 0.0293404
0.0283133 0.0293835
0.0297642 0.0296314
0.0289313 0.0296723
0.0294476 0.0297684
0.0300058 0.029871
0.030152 0.030089
0.029609 0.0302768
0.0303834 0.0304309
0.0303618 0.030567
0.029899 0.0306631
0.02981 0.0307935
0.0298456 0.0309063
0.0306365 0.0309982
0.0311527 0.0310755
0.0304305 0.0311442
0.0301024 0.0311641
0.0309404 0.0314051
0.0309951 0.0314497
0.0314465 0.0316483
0.0309556 0.031804
0.0309925 0.0318441
0.0314744 0.0320742
0.0317936 0.0321555
0.0316029 0.0322593
0.032395 0.0324572
0.0318762 0.0327115
0.0325019 0.0327537
0.0327803 0.0328543
0.0325603 0.0330319
0.0319068 0.0330656
0.03335 0.0331636
0.0326989 0.0332564
0.033289 0.0336244
0.0336615 0.0336935
0.033823 0.0337863
0.0336119 0.033958
0.0334822 0.03402
0.0338319 0.0341187
0.0341765 0.0341682
0.0339527 0.0342459
0.0336666 0.0343582
0.0344753 0.0344593
0.0337442 0.0346303
0.0347703 0.0347393
0.034778 0.0347868
0.0346622 0.0349303
0.0347233 0.0350431
0.0346063 0.0351547
0.035209 0.0352408
0.0344308 0.0352851
0.0353057 0.0353911
0.0355218 0.0354712
0.0350869 0.0356821
0.0353603 0.0357944
0.0353527 0.0359096
0.0361996 0.0361104
0.035593 0.0362664
0.0355396 0.0363853
0.0356236 0.0364047
0.0354799 0.0365079
0.0365671 0.0366792
0.0366243 0.0367656
0.0366205 0.0368684
0.0359631 0.0369674
0.0365314 0.037157
0.0372512 0.0372555
0.0363445 0.0374337
0.0364513 0.037489
0.0369511 0.0376515
0.0378119 0.0378568
0.0377407 0.0379433
0.0379403 0.0380762
0.03829 0.0382428
0.0385278 0.0384559
0.0377318 0.0386528
0.0379709 0.038934
0.0388457 0.0390063
0.0388317 0.0390844
0.039231 0.039115
0.0389907 0.0392932
0.0391242 0.0393964
0.03947 0.039518
0.0391242 0.0397524
0.0396709 0.039822
0.0392017 0.0400868
0.0403194 0.0401888
0.0400499 0.0402662
0.040158 0.0403373
0.0394522 0.0404992
0.0404797 0.0406001
0.0406119 0.0407179
0.039957 0.040763
0.0403576 0.0408703
0.0404301 0.0409906
0.039985 0.0411639
0.0408408 0.0413946
0.0413876 0.0415756
0.0413469 0.0416782
0.0419509 0.0419867
0.0410608 0.0421481
0.0417105 0.0422873
0.0416063 0.0426949
0.0416101 0.0428033
0.0426133 0.0429976
0.0423794 0.0430803
0.0421848 0.0433355
0.0432351 0.0433869
0.0428384 0.043709
0.043759 0.0438482
0.0434462 0.0440104
0.044466 0.0444089
0.0437043 0.044516
0.0441392 0.0447343
0.0441303 0.0447875
0.0444915 0.0449398
0.0442829 0.0452137
0.0441329 0.0453726
0.0456231 0.0454431
0.0448182 0.0455443
0.0456155 0.0458345
0.0453447 0.0460239
0.0453765 0.0461682
0.0451628 0.0463566
0.0461114 0.0464227
0.0467269 0.0465998
0.0465806 0.0467531
0.0466798 0.0469696
0.0472317 0.0471617
0.0475839 0.0476762
0.0478242 0.0477649
0.0472215 0.0478405
0.047121 0.047855
0.0477975 0.0480503
0.047411 0.0483477
0.048577 0.0485693
0.0486952 0.0486257
0.0479196 0.0489383
0.0488262 0.0490722
0.0484918 0.0491167
0.0489979 0.0492213
0.0482947 0.049326
0.0484575 0.0493793
0.0490297 0.0495182
0.0489279 0.0498763
0.0495625 0.0501096
0.0489648 0.050192
0.0503801 0.050476
0.0508353 0.0505628
0.0504424 0.0508891
0.0514482 0.0513555
0.0506407 0.0516896
0.0514685 0.05186
0.0514609 0.0519451
0.0524489 0.0523748
0.0517813 0.0525786
0.0522264 0.05304
0.0530313 0.0532817
0.0536264 0.0535478
0.053414 0.0537786
0.0542901 0.0540079
0.0538158 0.054704
0.0554892 0.0550826
0.0542863 0.0554379
0.0556011 0.0560559
0.0568638 0.0563697
0.0551624 0.056713
0.0565103 0.0570135
0.0559953 0.0572156
0.0576801 0.0573217
0.0568422 0.0580957
0.0570354 0.0583504
0.0584189 0.0587501
0.0588881 0.0590558
0.0592073 0.059549
0.0589339 0.0598976
0.0603174 0.0606099
0.0598838 0.0611839
0.0621014 0.061584
0.0623544 0.0618241
0.0613346 0.0622542
0.062418 0.0626578
0.0633666 0.0630326
0.0632089 0.0631427
0.0633437 0.0635823
0.0638345 0.063926
0.0639566 0.0641368
0.064792 0.0644533
0.0649255 0.0651477
0.0657215 0.0656422
0.0662759 0.066275
0.0664628 0.0667609
0.0676505 0.0676188
0.0675589 0.0683128
0.0676607 0.0686707
0.0677242 0.0687909
0.0690365 0.0700758
0.0713037 0.0709971
0.0707684 0.0717065
0.0723031 0.0720031
0.0716012 0.0736794
0.0739956 0.0741746
0.0738595 0.0743703
0.0751298 0.0749564
0.0749544 0.0753804
0.0764294 0.0758404
0.0776653 0.0765315
0.0767231 0.0769067
0.0777556 0.0783542
0.0780201 0.0791107
0.0809345 0.0807152
0.0809663 0.0813818
0.0830504 0.0817131
0.0827579 0.0819906
0.0829029 0.0828564
0.0809549 0.0833631
0.0824579 0.0837678
0.0849234 0.0839626
0.0845941 0.0850272
0.0864811 0.0860211
0.0860297 0.0864472
0.0891565 0.0875466
0.0886682 0.0883512
0.0879472 0.0894602
0.0905488 0.0901366
0.0910231 0.0909465
0.0917416 0.092282
0.090414 0.0928016
0.0934378 0.0935896
0.0949853 0.0940809
0.0950578 0.0951329
0.0962442 0.0957046
0.0952524 0.0966953
0.0978591 0.0976137
0.098828 0.0989191
0.102393 0.101031
0.103702 0.101526
0.10376 0.103704
0.104976 0.104233
0.104818 0.105302
0.103867 0.105739
0.108564 0.108583
0.110254 0.109145
0.111622 0.109676
0.111373 0.111504
0.114967 0.112854
0.115685 0.114246
0.114421 0.115457
0.120138 0.117495
0.123056 0.120846
0.12347 0.122434
0.126079 0.122918
0.121635 0.126525
0.128897 0.128933
0.126046 0.13213
0.136862 0.13384
0.136229 0.134281
0.138315 0.136969
0.140549 0.140108
0.13918 0.141614
0.153587 0.149758
0.161629 0.159225
0.172627 0.170152
0.182039 0.177982
0.160617 0.186299
0.193013 0.193124
0.205458 0.203351
0.212712 0.212078
0.20919 0.215273
